#
# A fatal error has been detected by the Java Runtime Environment:
#
#  SIGSEGV (0xb) at pc=0x000000010788432c, pid=2260, tid=42243
#
# JRE version: OpenJDK Runtime Environment (15.0.2+7) (build 15.0.2+7-27)
# Java VM: OpenJDK 64-Bit Server VM (15.0.2+7-27, mixed mode, tiered, compressed oops, g1 gc, bsd-amd64)
# Problematic frame:
# C  [libjimage.dylib+0x332c]  ImageFileReader::find_location_index(char const*, unsigned long long*) const+0x8c
#
# No core dump will be written. Core dumps have been disabled. To enable core dumping, try "ulimit -c unlimited" before starting Java again
#
# If you would like to submit a bug report, please visit:
#   https://bugreport.java.com/bugreport/crash.jsp
#

---------------  S U M M A R Y ------------

Command Line: -XX:+ShowCodeDetailsInExceptionMessages -agentlib:jdwp=transport=dt_socket,suspend=y,address=localhost:51115 -javaagent:/Users/tahab/eclipse/java-2021-03/Eclipse.app/Contents/Eclipse/configuration/org.eclipse.osgi/213/0/.cp/lib/javaagent-shaded.jar -Dfile.encoding=UTF-8 Main

Host: MacBookPro9,2 x86_64 2500 MHz, 4 cores, 8G, Darwin 19.6.0
Time: Thu Mar 25 16:39:01 2021 CET elapsed time: 8365.030838 seconds (0d 2h 19m 25s)

---------------  T H R E A D  ---------------

Current thread (0x00007fd9c8832000):  JavaThread "Signal Dispatcher" daemon [_thread_in_vm, id=42243, stack(0x000070000c912000,0x000070000ca12000)]

Stack: [0x000070000c912000,0x000070000ca12000],  sp=0x000070000ca10350,  free space=1016k
Native frames: (J=compiled Java code, A=aot compiled Java code, j=interpreted, Vv=VM code, C=native code)
C  [libjimage.dylib+0x332c]  ImageFileReader::find_location_index(char const*, unsigned long long*) const+0x8c
C  [libjimage.dylib+0x37a0]  JIMAGE_FindResource+0xd0
