#
# A fatal error has been detected by the Java Runtime Environment:
#
#  EXCEPTION_ACCESS_VIOLATION (0xc0000005) at pc=0x00007ff8c316ca09, pid=4308, tid=10528
#
# JRE version: Java(TM) SE Runtime Environment 18.9 (11.0.10+8) (build 11.0.10+8-LTS-162)
# Java VM: Java HotSpot(TM) 64-Bit Server VM 18.9 (11.0.10+8-LTS-162, mixed mode, tiered, compressed oops, g1 gc, windows-amd64)
# Problematic frame:
# V  [jvm.dll+0x23ca09]
#
# No core dump will be written. Minidumps are not enabled by default on client versions of Windows
#
# If you would like to submit a bug report, please visit:
#   https://bugreport.java.com/bugreport/crash.jsp
#

---------------  S U M M A R Y ------------

Command Line: -agentlib:jdwp=transport=dt_socket,suspend=y,address=localhost:60350 -ea -javaagent:C:\Users\49171\eclipse\java-2021-03\eclipse\configuration\org.eclipse.osgi\222\0\.cp\lib\javaagent-shaded.jar -Dfile.encoding=Cp1252 org.eclipse.jdt.internal.junit.runner.RemoteTestRunner -version 3 -port 60349 -testLoaderClass org.eclipse.jdt.internal.junit5.runner.JUnit5TestLoader -loaderpluginname org.eclipse.jdt.junit5.runtime -classNames JunitTesting.PractiseTest

Host: Intel(R) Core(TM) i3-7100U CPU @ 2.40GHz, 4 cores, 7G,  Windows 10 , 64 bit Build 19041 (10.0.19041.928)
Time: Thu May 27 04:52:11 2021 W. Europe Daylight Time elapsed time: 1510.443220 seconds (0d 0h 25m 10s)

---------------  T H R E A D  ---------------

Current thread (0x000001fec42bc800):  VMThread "VM Thread" [stack: 0x000000d7b5a00000,0x000000d7b5b00000] [id=10528]

Stack: [0x000000d7b5a00000,0x000000d7b5b00000],  sp=0x000000d7b5afee98,  free space=1019k
Native frames: (J=compiled Java code, j=interpreted, Vv=VM code, C=native code)
V  [jvm.dll+0x23ca09]


siginfo: EXCEPTION_ACCESS_VIOLATION (0xc0000005), reading address 0x000001fec5f9fc08


Register to memory mapping:

RIP=0x00007ff8c316ca09 jvm.dll
RAX=0x0000000000176240 is an unknown value
RBX=0x000001fec5c9ba30 is pointing into metadata
RCX=0x000001fec5e299c8 is pointing into metadata
RDX=0x000000000000bb11 is an unknown value
RSP=0x000000d7b5afee98 points into unknown readable memory: 8e ca 16 c3 f8 7f 00 00
RBP=0x000000d7b5aff450 points into unknown readable memory: 28 55 27 c4 fe 01 00 00
RSI=0x000000d7b5aff5c0 points into unknown readable memory: 28 7a 7c c3 f8 7f 00 00
RDI=0x000000d7b5aff5c0 points into unknown readable memory: 28 7a 7c c3 f8 7f 00 00
R8 =0x0 is NULL
R9 =0x000001fec5c9ba30 is pointing into metadata
R10=0x00007ff8c2f30000 jvm.dll
R11=0x000000d7b5aff360 points into unknown readable memory: 20 f4 af b5 d7 00 00 00
R12=0x000001fec4275200 points into unknown readable memory: 00 52 7c c3 00 00 00 00
R13=0x0 is NULL
R14=0x000001fec5c9c1b8 is pointing into metadata
R15=0x000000000000002c is an unknown value


Registers:
RAX=0x0000000000176240, RBX=0x000001fec5c9ba30, RCX=0x000001fec5e299c8, RDX=0x000000000000bb11
RSP=0x000000d7b5afee98, RBP=0x000000d7b5aff450, RSI=0x000000d7b5aff5c0, RDI=0x000000d7b5aff5c0
R8 =0x0000000000000000, R9 =0x000001fec5c9ba30, R10=0x00007ff8c2f30000, R11=0x000000d7b5aff360
R12=0x000001fec4275200, R13=0x0000000000000000, R14=0x000001fec5c9c1b8, R15=0x000000000000002c
RIP=0x00007ff8c316ca09, EFLAGS=0x0000000000010202

Top of Stack: (sp=0x000000d7b5afee98)
0x000000d7b5afee98:   00007ff8c316ca8e 000000d7b5afef00
0x000000d7b5afeea8:   0000000100000000 000000000021c000
0x000000d7b5afeeb8:   00007ff8c35c474b 0000000000000000
0x000000d7b5afeec8:   00007ff8c324c630 0000000000000000
0x000000d7b5afeed8:   000000d7b5aff5c0 000000d7b5aff4f0
0x000000d7b5afeee8:   00007ff8c35c3f0a 000000d7b5afef50
0x000000d7b5afeef8:   ffffffffffffffff 00007ff8c3787358
0x000000d7b5afef08:   000001fec419f1a0 0000000000000002
0x000000d7b5afef18:   00007ff80000000c 000000d7b5afef40
0x000000d7b5afef28:   000000d700000001 000000004600001d
0x000000d7b5afef38:   000001fec4275240 4fffffff4fffffff
0x000000d7b5afef48:   4fffffff4fffffff 00007ff8c3787358
0x000000d7b5afef58:   000001fec41b4fa8 0000000000000026
0x000000d7b5afef68:   000001fe0000000e 000000d7b5afef90
0x000000d7b5afef78:   00007ff8e0d12437 0000000000000000
0x000000d7b5afef88:   00007ff8c35c474b 4fffffff4fffffff 

Instructions: (pc=0x00007ff8c316ca09)
0x00007ff8c316c9e9:   c2 48 ff c0 48 c1 e0 05 48 8b 04 08 0f b7 c8 41
0x00007ff8c316c9f9:   0f b7 44 c9 42 c3 48 63 c2 48 ff c0 48 c1 e0 05
0x00007ff8c316ca09:   48 8b 04 08 0f b7 d0 48 63 c2 41 0f b7 44 c1 42
0x00007ff8c316ca19:   c3 49 8b 41 08 48 63 ca 0f b6 44 01 04 3c 12 74 


Stack slot to memory mapping:
stack at sp + 0 slots: 0x00007ff8c316ca8e jvm.dll
stack at sp + 1 slots: 0x000000d7b5afef00 points into unknown readable memory: 58 73 78 c3 f8 7f 00 00
stack at sp + 2 slots: 0x0000000100000000 is pointing into metadata
stack at sp + 3 slots: 0x000000000021c000 is an unknown value
stack at sp + 4 slots: 0x00007ff8c35c474b jvm.dll
stack at sp + 5 slots: 0x0 is NULL
stack at sp + 6 slots: 0x00007ff8c324c630 jvm.dll
stack at sp + 7 slots: 0x0 is NULL

VM_Operation (0x000000d7b63ff2b0): GetOrSetLocal, mode: safepoint, requested by thread 0x000001fec4ff3800


---------------  P R O C E S S  ---------------

Threads class SMR info:
_java_thread_list=0x000001fec5a20680, length=14, elements={
0x000001fea5e4a000, 0x000001fec42e2800, 0x000001fec42eb800, 0x000001fec42f9000,
0x000001fec42fb000, 0x000001fec4309000, 0x000001fec4310800, 0x000001fec4312000,
0x000001fec4dbc000, 0x000001fec4ff3800, 0x000001fec4e6f000, 0x000001fec4e6f800,
0x000001fec53f7800, 0x000001fec5716000
}

Java Threads: ( => current thread )
  0x000001fea5e4a000 JavaThread "main" [_thread_blocked, id=18448, stack(0x000000d7b5400000,0x000000d7b5500000)]
  0x000001fec42e2800 JavaThread "Reference Handler" daemon [_thread_blocked, id=11124, stack(0x000000d7b5b00000,0x000000d7b5c00000)]
  0x000001fec42eb800 JavaThread "Finalizer" daemon [_thread_blocked, id=11176, stack(0x000000d7b5c00000,0x000000d7b5d00000)]
  0x000001fec42f9000 JavaThread "Signal Dispatcher" daemon [_thread_blocked, id=16608, stack(0x000000d7b5d00000,0x000000d7b5e00000)]
  0x000001fec42fb000 JavaThread "Attach Listener" daemon [_thread_blocked, id=8324, stack(0x000000d7b5e00000,0x000000d7b5f00000)]
  0x000001fec4309000 JavaThread "C2 CompilerThread0" daemon [_thread_blocked, id=9876, stack(0x000000d7b5f00000,0x000000d7b6000000)]
  0x000001fec4310800 JavaThread "C1 CompilerThread0" daemon [_thread_blocked, id=13820, stack(0x000000d7b6000000,0x000000d7b6100000)]
  0x000001fec4312000 JavaThread "Sweeper thread" daemon [_thread_blocked, id=11824, stack(0x000000d7b6100000,0x000000d7b6200000)]
  0x000001fec4dbc000 JavaThread "Common-Cleaner" daemon [_thread_blocked, id=14616, stack(0x000000d7b6200000,0x000000d7b6300000)]
  0x000001fec4ff3800 JavaThread "JDWP Transport Listener: dt_socket" daemon [_thread_blocked, id=16192, stack(0x000000d7b6300000,0x000000d7b6400000)] _threads_hazard_ptr=0x000001fec5a20680
  0x000001fec4e6f000 JavaThread "JDWP Event Helper Thread" daemon [_thread_blocked, id=16668, stack(0x000000d7b6400000,0x000000d7b6500000)]
  0x000001fec4e6f800 JavaThread "JDWP Command Reader" daemon [_thread_in_native, id=19184, stack(0x000000d7b6500000,0x000000d7b6600000)]
  0x000001fec53f7800 JavaThread "Service Thread" daemon [_thread_blocked, id=18200, stack(0x000000d7b6700000,0x000000d7b6800000)]
  0x000001fec5716000 JavaThread "ReaderThread" [_thread_in_native, id=6756, stack(0x000000d7b6b00000,0x000000d7b6c00000)]

Other Threads:
=>0x000001fec42bc800 VMThread "VM Thread" [stack: 0x000000d7b5a00000,0x000000d7b5b00000] [id=10528]
  0x000001fec544c000 WatcherThread [stack: 0x000000d7b6800000,0x000000d7b6900000] [id=5956]
  0x000001fea5e60000 GCTaskThread "GC Thread#0" [stack: 0x000000d7b5500000,0x000000d7b5600000] [id=11456]
  0x000001fec5874800 GCTaskThread "GC Thread#1" [stack: 0x000000d7b6900000,0x000000d7b6a00000] [id=7752]
  0x000001fec5639800 GCTaskThread "GC Thread#2" [stack: 0x000000d7b6a00000,0x000000d7b6b00000] [id=1336]
  0x000001fea5e8f800 ConcurrentGCThread "G1 Main Marker" [stack: 0x000000d7b5600000,0x000000d7b5700000] [id=13876]
  0x000001fea5e93800 ConcurrentGCThread "G1 Conc#0" [stack: 0x000000d7b5700000,0x000000d7b5800000] [id=18392]
  0x000001fea5f24800 ConcurrentGCThread "G1 Refine#0" [stack: 0x000000d7b5800000,0x000000d7b5900000] [id=14988]
  0x000001fea5f27800 ConcurrentGCThread "G1 Young RemSet Sampling" [stack: 0x000000d7b5900000,0x000000d7b5a00000] [id=18304]

Threads with active compile tasks:

VM state:at safepoint (normal execution)

VM Mutex/Monitor currently owned by a thread:  ([mutex/lock_event])
[0x000001fea5e46ce0] Threads_lock - owner thread: 0x000001fec42bc800

Heap address: 0x0000000081e00000, size: 2018 MB, Compressed Oops mode: 32-bit
Narrow klass base: 0x0000000000000000, Narrow klass shift: 3
Compressed class space size: 1073741824 Address: 0x0000000100000000

Heap:
 garbage-first heap   total 131072K, used 29808K [0x0000000081e00000, 0x0000000100000000)
  region size 1024K, 30 young (30720K), 2 survivors (2048K)
 Metaspace       used 14776K, capacity 15149K, committed 15232K, reserved 1062912K
  class space    used 1477K, capacity 1641K, committed 1664K, reserved 1048576K
Heap Regions: E=young(eden), S=young(survivor), O=old, HS=humongous(starts), HC=humongous(continues), CS=collection set, F=free, A=archive, TAMS=top-at-mark-start (previous, next)
|   0|0x0000000081e00000, 0x0000000081e1c000, 0x0000000081f00000| 10%| O|  |TAMS 0x0000000081e00000, 0x0000000081e00000| Untracked 
|   1|0x0000000081f00000, 0x0000000081f00000, 0x0000000082000000|  0%| F|  |TAMS 0x0000000081f00000, 0x0000000081f00000| Untracked 
|   2|0x0000000082000000, 0x0000000082000000, 0x0000000082100000|  0%| F|  |TAMS 0x0000000082000000, 0x0000000082000000| Untracked 
|   3|0x0000000082100000, 0x0000000082100000, 0x0000000082200000|  0%| F|  |TAMS 0x0000000082100000, 0x0000000082100000| Untracked 
|   4|0x0000000082200000, 0x0000000082200000, 0x0000000082300000|  0%| F|  |TAMS 0x0000000082200000, 0x0000000082200000| Untracked 
|   5|0x0000000082300000, 0x0000000082300000, 0x0000000082400000|  0%| F|  |TAMS 0x0000000082300000, 0x0000000082300000| Untracked 
|   6|0x0000000082400000, 0x0000000082400000, 0x0000000082500000|  0%| F|  |TAMS 0x0000000082400000, 0x0000000082400000| Untracked 
|   7|0x0000000082500000, 0x0000000082500000, 0x0000000082600000|  0%| F|  |TAMS 0x0000000082500000, 0x0000000082500000| Untracked 
|   8|0x0000000082600000, 0x0000000082600000, 0x0000000082700000|  0%| F|  |TAMS 0x0000000082600000, 0x0000000082600000| Untracked 
|   9|0x0000000082700000, 0x0000000082700000, 0x0000000082800000|  0%| F|  |TAMS 0x0000000082700000, 0x0000000082700000| Untracked 
|  10|0x0000000082800000, 0x0000000082800000, 0x0000000082900000|  0%| F|  |TAMS 0x0000000082800000, 0x0000000082800000| Untracked 
|  11|0x0000000082900000, 0x0000000082900000, 0x0000000082a00000|  0%| F|  |TAMS 0x0000000082900000, 0x0000000082900000| Untracked 
|  12|0x0000000082a00000, 0x0000000082a00000, 0x0000000082b00000|  0%| F|  |TAMS 0x0000000082a00000, 0x0000000082a00000| Untracked 
|  13|0x0000000082b00000, 0x0000000082b00000, 0x0000000082c00000|  0%| F|  |TAMS 0x0000000082b00000, 0x0000000082b00000| Untracked 
|  14|0x0000000082c00000, 0x0000000082c00000, 0x0000000082d00000|  0%| F|  |TAMS 0x0000000082c00000, 0x0000000082c00000| Untracked 
|  15|0x0000000082d00000, 0x0000000082d00000, 0x0000000082e00000|  0%| F|  |TAMS 0x0000000082d00000, 0x0000000082d00000| Untracked 
|  16|0x0000000082e00000, 0x0000000082e00000, 0x0000000082f00000|  0%| F|  |TAMS 0x0000000082e00000, 0x0000000082e00000| Untracked 
|  17|0x0000000082f00000, 0x0000000082f00000, 0x0000000083000000|  0%| F|  |TAMS 0x0000000082f00000, 0x0000000082f00000| Untracked 
|  18|0x0000000083000000, 0x0000000083000000, 0x0000000083100000|  0%| F|  |TAMS 0x0000000083000000, 0x0000000083000000| Untracked 
|  19|0x0000000083100000, 0x0000000083100000, 0x0000000083200000|  0%| F|  |TAMS 0x0000000083100000, 0x0000000083100000| Untracked 
|  20|0x0000000083200000, 0x0000000083200000, 0x0000000083300000|  0%| F|  |TAMS 0x0000000083200000, 0x0000000083200000| Untracked 
|  21|0x0000000083300000, 0x0000000083300000, 0x0000000083400000|  0%| F|  |TAMS 0x0000000083300000, 0x0000000083300000| Untracked 
|  22|0x0000000083400000, 0x0000000083400000, 0x0000000083500000|  0%| F|  |TAMS 0x0000000083400000, 0x0000000083400000| Untracked 
|  23|0x0000000083500000, 0x0000000083500000, 0x0000000083600000|  0%| F|  |TAMS 0x0000000083500000, 0x0000000083500000| Untracked 
|  24|0x0000000083600000, 0x0000000083600000, 0x0000000083700000|  0%| F|  |TAMS 0x0000000083600000, 0x0000000083600000| Untracked 
|  25|0x0000000083700000, 0x0000000083700000, 0x0000000083800000|  0%| F|  |TAMS 0x0000000083700000, 0x0000000083700000| Untracked 
|  26|0x0000000083800000, 0x0000000083800000, 0x0000000083900000|  0%| F|  |TAMS 0x0000000083800000, 0x0000000083800000| Untracked 
|  27|0x0000000083900000, 0x0000000083900000, 0x0000000083a00000|  0%| F|  |TAMS 0x0000000083900000, 0x0000000083900000| Untracked 
|  28|0x0000000083a00000, 0x0000000083a00000, 0x0000000083b00000|  0%| F|  |TAMS 0x0000000083a00000, 0x0000000083a00000| Untracked 
|  29|0x0000000083b00000, 0x0000000083b00000, 0x0000000083c00000|  0%| F|  |TAMS 0x0000000083b00000, 0x0000000083b00000| Untracked 
|  30|0x0000000083c00000, 0x0000000083c00000, 0x0000000083d00000|  0%| F|  |TAMS 0x0000000083c00000, 0x0000000083c00000| Untracked 
|  31|0x0000000083d00000, 0x0000000083d00000, 0x0000000083e00000|  0%| F|  |TAMS 0x0000000083d00000, 0x0000000083d00000| Untracked 
|  32|0x0000000083e00000, 0x0000000083e00000, 0x0000000083f00000|  0%| F|  |TAMS 0x0000000083e00000, 0x0000000083e00000| Untracked 
|  33|0x0000000083f00000, 0x0000000083f00000, 0x0000000084000000|  0%| F|  |TAMS 0x0000000083f00000, 0x0000000083f00000| Untracked 
|  34|0x0000000084000000, 0x0000000084000000, 0x0000000084100000|  0%| F|  |TAMS 0x0000000084000000, 0x0000000084000000| Untracked 
|  35|0x0000000084100000, 0x0000000084100000, 0x0000000084200000|  0%| F|  |TAMS 0x0000000084100000, 0x0000000084100000| Untracked 
|  36|0x0000000084200000, 0x0000000084200000, 0x0000000084300000|  0%| F|  |TAMS 0x0000000084200000, 0x0000000084200000| Untracked 
|  37|0x0000000084300000, 0x0000000084300000, 0x0000000084400000|  0%| F|  |TAMS 0x0000000084300000, 0x0000000084300000| Untracked 
|  38|0x0000000084400000, 0x0000000084400000, 0x0000000084500000|  0%| F|  |TAMS 0x0000000084400000, 0x0000000084400000| Untracked 
|  39|0x0000000084500000, 0x0000000084500000, 0x0000000084600000|  0%| F|  |TAMS 0x0000000084500000, 0x0000000084500000| Untracked 
|  40|0x0000000084600000, 0x0000000084600000, 0x0000000084700000|  0%| F|  |TAMS 0x0000000084600000, 0x0000000084600000| Untracked 
|  41|0x0000000084700000, 0x0000000084700000, 0x0000000084800000|  0%| F|  |TAMS 0x0000000084700000, 0x0000000084700000| Untracked 
|  42|0x0000000084800000, 0x0000000084800000, 0x0000000084900000|  0%| F|  |TAMS 0x0000000084800000, 0x0000000084800000| Untracked 
|  43|0x0000000084900000, 0x0000000084900000, 0x0000000084a00000|  0%| F|  |TAMS 0x0000000084900000, 0x0000000084900000| Untracked 
|  44|0x0000000084a00000, 0x0000000084a00000, 0x0000000084b00000|  0%| F|  |TAMS 0x0000000084a00000, 0x0000000084a00000| Untracked 
|  45|0x0000000084b00000, 0x0000000084b00000, 0x0000000084c00000|  0%| F|  |TAMS 0x0000000084b00000, 0x0000000084b00000| Untracked 
|  46|0x0000000084c00000, 0x0000000084c00000, 0x0000000084d00000|  0%| F|  |TAMS 0x0000000084c00000, 0x0000000084c00000| Untracked 
|  47|0x0000000084d00000, 0x0000000084d00000, 0x0000000084e00000|  0%| F|  |TAMS 0x0000000084d00000, 0x0000000084d00000| Untracked 
|  48|0x0000000084e00000, 0x0000000084e00000, 0x0000000084f00000|  0%| F|  |TAMS 0x0000000084e00000, 0x0000000084e00000| Untracked 
|  49|0x0000000084f00000, 0x0000000084f00000, 0x0000000085000000|  0%| F|  |TAMS 0x0000000084f00000, 0x0000000084f00000| Untracked 
|  50|0x0000000085000000, 0x0000000085000000, 0x0000000085100000|  0%| F|  |TAMS 0x0000000085000000, 0x0000000085000000| Untracked 
|  51|0x0000000085100000, 0x0000000085100000, 0x0000000085200000|  0%| F|  |TAMS 0x0000000085100000, 0x0000000085100000| Untracked 
|  52|0x0000000085200000, 0x0000000085200000, 0x0000000085300000|  0%| F|  |TAMS 0x0000000085200000, 0x0000000085200000| Untracked 
|  53|0x0000000085300000, 0x0000000085300000, 0x0000000085400000|  0%| F|  |TAMS 0x0000000085300000, 0x0000000085300000| Untracked 
|  54|0x0000000085400000, 0x0000000085400000, 0x0000000085500000|  0%| F|  |TAMS 0x0000000085400000, 0x0000000085400000| Untracked 
|  55|0x0000000085500000, 0x0000000085500000, 0x0000000085600000|  0%| F|  |TAMS 0x0000000085500000, 0x0000000085500000| Untracked 
|  56|0x0000000085600000, 0x0000000085600000, 0x0000000085700000|  0%| F|  |TAMS 0x0000000085600000, 0x0000000085600000| Untracked 
|  57|0x0000000085700000, 0x0000000085700000, 0x0000000085800000|  0%| F|  |TAMS 0x0000000085700000, 0x0000000085700000| Untracked 
|  58|0x0000000085800000, 0x0000000085800000, 0x0000000085900000|  0%| F|  |TAMS 0x0000000085800000, 0x0000000085800000| Untracked 
|  59|0x0000000085900000, 0x0000000085900000, 0x0000000085a00000|  0%| F|  |TAMS 0x0000000085900000, 0x0000000085900000| Untracked 
|  60|0x0000000085a00000, 0x0000000085a00000, 0x0000000085b00000|  0%| F|  |TAMS 0x0000000085a00000, 0x0000000085a00000| Untracked 
|  61|0x0000000085b00000, 0x0000000085b00000, 0x0000000085c00000|  0%| F|  |TAMS 0x0000000085b00000, 0x0000000085b00000| Untracked 
|  62|0x0000000085c00000, 0x0000000085c00000, 0x0000000085d00000|  0%| F|  |TAMS 0x0000000085c00000, 0x0000000085c00000| Untracked 
|  63|0x0000000085d00000, 0x0000000085d00000, 0x0000000085e00000|  0%| F|  |TAMS 0x0000000085d00000, 0x0000000085d00000| Untracked 
|  64|0x0000000085e00000, 0x0000000085e00000, 0x0000000085f00000|  0%| F|  |TAMS 0x0000000085e00000, 0x0000000085e00000| Untracked 
|  65|0x0000000085f00000, 0x0000000085f00000, 0x0000000086000000|  0%| F|  |TAMS 0x0000000085f00000, 0x0000000085f00000| Untracked 
|  66|0x0000000086000000, 0x0000000086000000, 0x0000000086100000|  0%| F|  |TAMS 0x0000000086000000, 0x0000000086000000| Untracked 
|  67|0x0000000086100000, 0x0000000086100000, 0x0000000086200000|  0%| F|  |TAMS 0x0000000086100000, 0x0000000086100000| Untracked 
|  68|0x0000000086200000, 0x0000000086200000, 0x0000000086300000|  0%| F|  |TAMS 0x0000000086200000, 0x0000000086200000| Untracked 
|  69|0x0000000086300000, 0x0000000086300000, 0x0000000086400000|  0%| F|  |TAMS 0x0000000086300000, 0x0000000086300000| Untracked 
|  70|0x0000000086400000, 0x0000000086400000, 0x0000000086500000|  0%| F|  |TAMS 0x0000000086400000, 0x0000000086400000| Untracked 
|  71|0x0000000086500000, 0x0000000086500000, 0x0000000086600000|  0%| F|  |TAMS 0x0000000086500000, 0x0000000086500000| Untracked 
|  72|0x0000000086600000, 0x0000000086600000, 0x0000000086700000|  0%| F|  |TAMS 0x0000000086600000, 0x0000000086600000| Untracked 
|  73|0x0000000086700000, 0x0000000086700000, 0x0000000086800000|  0%| F|  |TAMS 0x0000000086700000, 0x0000000086700000| Untracked 
|  74|0x0000000086800000, 0x0000000086800000, 0x0000000086900000|  0%| F|  |TAMS 0x0000000086800000, 0x0000000086800000| Untracked 
|  75|0x0000000086900000, 0x0000000086900000, 0x0000000086a00000|  0%| F|  |TAMS 0x0000000086900000, 0x0000000086900000| Untracked 
|  76|0x0000000086a00000, 0x0000000086a00000, 0x0000000086b00000|  0%| F|  |TAMS 0x0000000086a00000, 0x0000000086a00000| Untracked 
|  77|0x0000000086b00000, 0x0000000086b00000, 0x0000000086c00000|  0%| F|  |TAMS 0x0000000086b00000, 0x0000000086b00000| Untracked 
|  78|0x0000000086c00000, 0x0000000086c00000, 0x0000000086d00000|  0%| F|  |TAMS 0x0000000086c00000, 0x0000000086c00000| Untracked 
|  79|0x0000000086d00000, 0x0000000086d00000, 0x0000000086e00000|  0%| F|  |TAMS 0x0000000086d00000, 0x0000000086d00000| Untracked 
|  80|0x0000000086e00000, 0x0000000086e00000, 0x0000000086f00000|  0%| F|  |TAMS 0x0000000086e00000, 0x0000000086e00000| Untracked 
|  81|0x0000000086f00000, 0x0000000086f00000, 0x0000000087000000|  0%| F|  |TAMS 0x0000000086f00000, 0x0000000086f00000| Untracked 
|  82|0x0000000087000000, 0x0000000087000000, 0x0000000087100000|  0%| F|  |TAMS 0x0000000087000000, 0x0000000087000000| Untracked 
|  83|0x0000000087100000, 0x0000000087100000, 0x0000000087200000|  0%| F|  |TAMS 0x0000000087100000, 0x0000000087100000| Untracked 
|  84|0x0000000087200000, 0x0000000087200000, 0x0000000087300000|  0%| F|  |TAMS 0x0000000087200000, 0x0000000087200000| Untracked 
|  85|0x0000000087300000, 0x0000000087300000, 0x0000000087400000|  0%| F|  |TAMS 0x0000000087300000, 0x0000000087300000| Untracked 
|  86|0x0000000087400000, 0x0000000087400000, 0x0000000087500000|  0%| F|  |TAMS 0x0000000087400000, 0x0000000087400000| Untracked 
|  87|0x0000000087500000, 0x0000000087500000, 0x0000000087600000|  0%| F|  |TAMS 0x0000000087500000, 0x0000000087500000| Untracked 
|  88|0x0000000087600000, 0x0000000087600000, 0x0000000087700000|  0%| F|  |TAMS 0x0000000087600000, 0x0000000087600000| Untracked 
|  89|0x0000000087700000, 0x0000000087700000, 0x0000000087800000|  0%| F|  |TAMS 0x0000000087700000, 0x0000000087700000| Untracked 
|  90|0x0000000087800000, 0x0000000087800000, 0x0000000087900000|  0%| F|  |TAMS 0x0000000087800000, 0x0000000087800000| Untracked 
|  91|0x0000000087900000, 0x0000000087900000, 0x0000000087a00000|  0%| F|  |TAMS 0x0000000087900000, 0x0000000087900000| Untracked 
|  92|0x0000000087a00000, 0x0000000087a00000, 0x0000000087b00000|  0%| F|  |TAMS 0x0000000087a00000, 0x0000000087a00000| Untracked 
|  93|0x0000000087b00000, 0x0000000087b00000, 0x0000000087c00000|  0%| F|  |TAMS 0x0000000087b00000, 0x0000000087b00000| Untracked 
|  94|0x0000000087c00000, 0x0000000087c00000, 0x0000000087d00000|  0%| F|  |TAMS 0x0000000087c00000, 0x0000000087c00000| Untracked 
|  95|0x0000000087d00000, 0x0000000087d00000, 0x0000000087e00000|  0%| F|  |TAMS 0x0000000087d00000, 0x0000000087d00000| Untracked 
|  96|0x0000000087e00000, 0x0000000087e00000, 0x0000000087f00000|  0%| F|  |TAMS 0x0000000087e00000, 0x0000000087e00000| Untracked 
|  97|0x0000000087f00000, 0x0000000087f00000, 0x0000000088000000|  0%| F|  |TAMS 0x0000000087f00000, 0x0000000087f00000| Untracked 
|  98|0x0000000088000000, 0x0000000088100000, 0x0000000088100000|100%| E|  |TAMS 0x0000000088000000, 0x0000000088000000| Complete 
|  99|0x0000000088100000, 0x0000000088200000, 0x0000000088200000|100%| E|CS|TAMS 0x0000000088100000, 0x0000000088100000| Complete 
| 100|0x0000000088200000, 0x0000000088300000, 0x0000000088300000|100%| E|CS|TAMS 0x0000000088200000, 0x0000000088200000| Complete 
| 101|0x0000000088300000, 0x0000000088400000, 0x0000000088400000|100%| E|CS|TAMS 0x0000000088300000, 0x0000000088300000| Complete 
| 102|0x0000000088400000, 0x0000000088500000, 0x0000000088500000|100%| E|CS|TAMS 0x0000000088400000, 0x0000000088400000| Complete 
| 103|0x0000000088500000, 0x0000000088600000, 0x0000000088600000|100%| E|CS|TAMS 0x0000000088500000, 0x0000000088500000| Complete 
| 104|0x0000000088600000, 0x0000000088700000, 0x0000000088700000|100%| E|CS|TAMS 0x0000000088600000, 0x0000000088600000| Complete 
| 105|0x0000000088700000, 0x0000000088800000, 0x0000000088800000|100%| E|CS|TAMS 0x0000000088700000, 0x0000000088700000| Complete 
| 106|0x0000000088800000, 0x0000000088900000, 0x0000000088900000|100%| E|CS|TAMS 0x0000000088800000, 0x0000000088800000| Complete 
| 107|0x0000000088900000, 0x0000000088a00000, 0x0000000088a00000|100%| E|CS|TAMS 0x0000000088900000, 0x0000000088900000| Complete 
| 108|0x0000000088a00000, 0x0000000088b00000, 0x0000000088b00000|100%| E|CS|TAMS 0x0000000088a00000, 0x0000000088a00000| Complete 
| 109|0x0000000088b00000, 0x0000000088c00000, 0x0000000088c00000|100%| E|CS|TAMS 0x0000000088b00000, 0x0000000088b00000| Complete 
| 110|0x0000000088c00000, 0x0000000088d00000, 0x0000000088d00000|100%| E|CS|TAMS 0x0000000088c00000, 0x0000000088c00000| Complete 
| 111|0x0000000088d00000, 0x0000000088e00000, 0x0000000088e00000|100%| E|CS|TAMS 0x0000000088d00000, 0x0000000088d00000| Complete 
| 112|0x0000000088e00000, 0x0000000088f00000, 0x0000000088f00000|100%| S|CS|TAMS 0x0000000088e00000, 0x0000000088e00000| Complete 
| 113|0x0000000088f00000, 0x0000000089000000, 0x0000000089000000|100%| S|CS|TAMS 0x0000000088f00000, 0x0000000088f00000| Complete 
| 114|0x0000000089000000, 0x0000000089100000, 0x0000000089100000|100%| E|CS|TAMS 0x0000000089000000, 0x0000000089000000| Complete 
| 115|0x0000000089100000, 0x0000000089200000, 0x0000000089200000|100%| E|CS|TAMS 0x0000000089100000, 0x0000000089100000| Complete 
| 116|0x0000000089200000, 0x0000000089300000, 0x0000000089300000|100%| E|CS|TAMS 0x0000000089200000, 0x0000000089200000| Complete 
| 117|0x0000000089300000, 0x0000000089400000, 0x0000000089400000|100%| E|CS|TAMS 0x0000000089300000, 0x0000000089300000| Complete 
| 118|0x0000000089400000, 0x0000000089500000, 0x0000000089500000|100%| E|CS|TAMS 0x0000000089400000, 0x0000000089400000| Complete 
| 119|0x0000000089500000, 0x0000000089600000, 0x0000000089600000|100%| E|CS|TAMS 0x0000000089500000, 0x0000000089500000| Complete 
| 120|0x0000000089600000, 0x0000000089700000, 0x0000000089700000|100%| E|CS|TAMS 0x0000000089600000, 0x0000000089600000| Complete 
| 121|0x0000000089700000, 0x0000000089800000, 0x0000000089800000|100%| E|CS|TAMS 0x0000000089700000, 0x0000000089700000| Complete 
| 122|0x0000000089800000, 0x0000000089900000, 0x0000000089900000|100%| E|CS|TAMS 0x0000000089800000, 0x0000000089800000| Complete 
| 123|0x0000000089900000, 0x0000000089a00000, 0x0000000089a00000|100%| E|CS|TAMS 0x0000000089900000, 0x0000000089900000| Complete 
| 124|0x0000000089a00000, 0x0000000089b00000, 0x0000000089b00000|100%| E|CS|TAMS 0x0000000089a00000, 0x0000000089a00000| Complete 
| 125|0x0000000089b00000, 0x0000000089c00000, 0x0000000089c00000|100%| E|CS|TAMS 0x0000000089b00000, 0x0000000089b00000| Complete 
| 126|0x0000000089c00000, 0x0000000089d00000, 0x0000000089d00000|100%| E|CS|TAMS 0x0000000089c00000, 0x0000000089c00000| Complete 
| 127|0x0000000089d00000, 0x0000000089e00000, 0x0000000089e00000|100%| E|CS|TAMS 0x0000000089d00000, 0x0000000089d00000| Complete 

Card table byte_map: [0x000001febd6e0000,0x000001febdae0000] _byte_map_base: 0x000001febd2d1000

Marking Bits (Prev, Next): (CMBitMap*) 0x000001fea5e869c8, (CMBitMap*) 0x000001fea5e86a00
 Prev Bits: [0x000001febdee0000, 0x000001febfe68000)
 Next Bits: [0x000001febfe70000, 0x000001fec1df8000)

Polling page: 0x000001fea5630000

Metaspace:

Usage:
  Non-class:     13.19 MB capacity,    12.99 MB ( 98%) used,   166.84 KB (  1%) free+waste,    42.31 KB ( <1%) overhead. 
      Class:      1.60 MB capacity,     1.44 MB ( 90%) used,   143.23 KB (  9%) free+waste,    19.88 KB (  1%) overhead. 
       Both:     14.79 MB capacity,    14.43 MB ( 98%) used,   310.07 KB (  2%) free+waste,    62.19 KB ( <1%) overhead. 

Virtual space:
  Non-class space:       14.00 MB reserved,      13.25 MB ( 95%) committed 
      Class space:        1.00 GB reserved,       1.63 MB ( <1%) committed 
             Both:        1.01 GB reserved,      14.88 MB (  1%) committed 

Chunk freelists:
   Non-Class:  7.50 KB
       Class:  2.88 KB
        Both:  10.38 KB

CodeHeap 'non-profiled nmethods': size=120064Kb used=499Kb max_used=499Kb free=119564Kb
 bounds [0x000001feb5da0000, 0x000001feb6010000, 0x000001febd2e0000]
CodeHeap 'profiled nmethods': size=120000Kb used=3139Kb max_used=3139Kb free=116860Kb
 bounds [0x000001feae870000, 0x000001feaeb90000, 0x000001feb5da0000]
CodeHeap 'non-nmethods': size=5696Kb used=1174Kb max_used=1200Kb free=4521Kb
 bounds [0x000001feae2e0000, 0x000001feae550000, 0x000001feae870000]
 total_blobs=1802 nmethods=1398 adapters=324
 compilation: enabled
              stopped_count=0, restarted_count=0
 full_count=0

Compilation events (10 events):
Event: 1.973 Thread 0x000001fec4310800 1396       3       java.lang.Module::allows (60 bytes)
Event: 1.974 Thread 0x000001fec4310800 nmethod 1396 0x000001feaeb7ce10 code [0x000001feaeb7d000, 0x000001feaeb7d5e8]
Event: 1.974 Thread 0x000001fec4310800 1397       3       jdk.internal.org.objectweb.asm.Frame::type (416 bytes)
Event: 1.975 Thread 0x000001fec502d800 1398       4       java.lang.ref.Reference::<init> (25 bytes)
Event: 1.977 Thread 0x000001fec4310800 nmethod 1397 0x000001feaeb7d710 code [0x000001feaeb7db40, 0x000001feaeb7fbd8]
Event: 1.977 Thread 0x000001fec4310800 1399       3       java.util.concurrent.ConcurrentHashMap$ValueIterator::next (34 bytes)
Event: 1.978 Thread 0x000001fec4310800 nmethod 1399 0x000001feaeb80790 code [0x000001feaeb80960, 0x000001feaeb80bd8]
Event: 1.978 Thread 0x000001fec502d800 nmethod 1398 0x000001feb5e1c510 code [0x000001feb5e1c6a0, 0x000001feb5e1c898]
Event: 1.979 Thread 0x000001fec4309000 1400       4       java.util.zip.ZipFile::ensureOpen (38 bytes)
Event: 1.981 Thread 0x000001fec4309000 nmethod 1400 0x000001feb5e1c910 code [0x000001feb5e1caa0, 0x000001feb5e1cb78]

GC Heap History (2 events):
Event: 1.246 GC heap before
{Heap before GC invocations=0 (full 0):
 garbage-first heap   total 131072K, used 14336K [0x0000000081e00000, 0x0000000100000000)
  region size 1024K, 14 young (14336K), 0 survivors (0K)
 Metaspace       used 10208K, capacity 10387K, committed 10496K, reserved 1058816K
  class space    used 918K, capacity 988K, committed 1024K, reserved 1048576K
}
Event: 1.258 GC heap after
{Heap after GC invocations=1 (full 0):
 garbage-first heap   total 131072K, used 2160K [0x0000000081e00000, 0x0000000100000000)
  region size 1024K, 2 young (2048K), 2 survivors (2048K)
 Metaspace       used 10208K, capacity 10387K, committed 10496K, reserved 1058816K
  class space    used 918K, capacity 988K, committed 1024K, reserved 1048576K
}

Deoptimization events (10 events):
Event: 1.566 Thread 0x000001fea5e4a000 Uncommon trap: reason=class_check action=maybe_recompile pc=0x000001feb5ddba40 method=java.util.HashMap.putVal(ILjava/lang/Object;Ljava/lang/Object;ZZ)Ljava/lang/Object; @ 91 c2
Event: 1.566 Thread 0x000001fea5e4a000 Uncommon trap: reason=class_check action=maybe_recompile pc=0x000001feb5ddba40 method=java.util.HashMap.putVal(ILjava/lang/Object;Ljava/lang/Object;ZZ)Ljava/lang/Object; @ 91 c2
Event: 1.566 Thread 0x000001fea5e4a000 Uncommon trap: reason=class_check action=maybe_recompile pc=0x000001feb5ddba40 method=java.util.HashMap.putVal(ILjava/lang/Object;Ljava/lang/Object;ZZ)Ljava/lang/Object; @ 91 c2
Event: 1.566 Thread 0x000001fea5e4a000 Uncommon trap: reason=class_check action=maybe_recompile pc=0x000001feb5ddba40 method=java.util.HashMap.putVal(ILjava/lang/Object;Ljava/lang/Object;ZZ)Ljava/lang/Object; @ 91 c2
Event: 1.584 Thread 0x000001fea5e4a000 Uncommon trap: reason=unstable_if action=reinterpret pc=0x000001feb5df9c58 method=java.util.HashMap.getNode(ILjava/lang/Object;)Ljava/util/HashMap$Node; @ 129 c2
Event: 1.606 Thread 0x000001fea5e4a000 Uncommon trap: reason=unstable_if action=reinterpret pc=0x000001feb5dc4d68 method=java.lang.String.startsWith(Ljava/lang/String;I)Z @ 14 c2
Event: 1.614 Thread 0x000001fea5e4a000 Uncommon trap: reason=unstable_if action=reinterpret pc=0x000001feb5df23b8 method=org.eclipse.jdt.launching.internal.org.objectweb.asm.ByteVector.putShort(I)Lorg/eclipse/jdt/launching/internal/org/objectweb/asm/ByteVector; @ 13 c2
Event: 1.724 Thread 0x000001fea5e4a000 Uncommon trap: reason=class_check action=maybe_recompile pc=0x000001feb5dff2f8 method=java.util.HashMap.putVal(ILjava/lang/Object;Ljava/lang/Object;ZZ)Ljava/lang/Object; @ 253 c2
Event: 1.724 Thread 0x000001fea5e4a000 Uncommon trap: reason=class_check action=maybe_recompile pc=0x000001feb5dff44c method=java.util.HashMap.putVal(ILjava/lang/Object;Ljava/lang/Object;ZZ)Ljava/lang/Object; @ 203 c2
Event: 1.956 Thread 0x000001fea5e4a000 Uncommon trap: reason=class_check action=maybe_recompile pc=0x000001feb5dff44c method=java.util.HashMap.putVal(ILjava/lang/Object;Ljava/lang/Object;ZZ)Ljava/lang/Object; @ 203 c2

Classes redefined (10 events):
Event: 107.467 Thread 0x000001fec42bc800 redefined class name=JunitTesting.PractiseTest, count=1
Event: 175.888 Thread 0x000001fec42bc800 redefined class name=JunitTesting.PractiseTest, count=2
Event: 189.375 Thread 0x000001fec42bc800 redefined class name=JunitTesting.PractiseTest, count=3
Event: 1025.617 Thread 0x000001fec42bc800 redefined class name=JunitTesting.PractiseTest, count=4
Event: 1069.950 Thread 0x000001fec42bc800 redefined class name=JunitTesting.PractiseTest, count=5
Event: 1292.990 Thread 0x000001fec42bc800 redefined class name=JunitTesting.PractiseTest, count=6
Event: 1335.090 Thread 0x000001fec42bc800 redefined class name=JunitTesting.PractiseTest, count=7
Event: 1403.820 Thread 0x000001fec42bc800 redefined class name=JunitTesting.PractiseTest, count=8
Event: 1456.874 Thread 0x000001fec42bc800 redefined class name=JunitTesting.PractiseTest, count=9
Event: 1482.346 Thread 0x000001fec42bc800 redefined class name=JunitTesting.PractiseTest, count=10

Internal exceptions (10 events):
Event: 1.529 Thread 0x000001fea5e4a000 Exception <a 'java/lang/NoSuchMethodError'{0x00000000895b2b60}: java.lang.invoke.DirectMethodHandle$Holder.invokeStaticInit(Ljava/lang/Object;Ljava/lang/Object;Ljava/lang/Object;)V> (0x00000000895b2b60) thrown at [./open/src/hotspot/share/interpreter/link
Event: 1.611 Thread 0x000001fea5e4a000 Exception <a 'java/lang/IncompatibleClassChangeError'{0x00000000892c9638}: Found class java.lang.Object, but interface was expected> (0x00000000892c9638) thrown at [./open/src/hotspot/share/interpreter/linkResolver.cpp, line 838]
Event: 1.778 Thread 0x000001fea5e4a000 Exception <a 'java/lang/NoSuchMethodError'{0x00000000889e43e0}: java.lang.invoke.DirectMethodHandle$Holder.invokeSpecialIFC(Ljava/lang/Object;Ljava/lang/Object;Ljava/lang/Object;Ljava/lang/Object;)Ljava/lang/Object;> (0x00000000889e43e0) thrown at [./open
Event: 1.823 Thread 0x000001fea5e4a000 Exception <a 'java/lang/NoSuchMethodError'{0x0000000088735c08}: java.lang.invoke.DirectMethodHandle$Holder.invokeVirtual(Ljava/lang/Object;Ljava/lang/Object;Ljava/lang/Object;)Ljava/lang/Object;> (0x0000000088735c08) thrown at [./open/src/hotspot/share/in
Event: 1.835 Thread 0x000001fea5e4a000 Exception <a 'java/lang/IncompatibleClassChangeError'{0x00000000887b8aa8}: Found class java.lang.Object, but interface was expected> (0x00000000887b8aa8) thrown at [./open/src/hotspot/share/interpreter/linkResolver.cpp, line 838]
Event: 1.838 Thread 0x000001fea5e4a000 Exception <a 'java/lang/NoSuchMethodError'{0x00000000887de658}: java.lang.invoke.DirectMethodHandle$Holder.invokeStatic(Ljava/lang/Object;Ljava/lang/Object;Ljava/lang/Object;Ljava/lang/Object;)V> (0x00000000887de658) thrown at [./open/src/hotspot/share/in
Event: 1.858 Thread 0x000001fea5e4a000 Exception <a 'java/lang/NoSuchMethodError'{0x00000000886db5d0}: java.lang.invoke.DirectMethodHandle$Holder.invokeStatic(Ljava/lang/Object;Ljava/lang/Object;Ljava/lang/Object;Ljava/lang/Object;Ljava/lang/Object;)I> (0x00000000886db5d0) thrown at [./open/sr
Event: 1.866 Thread 0x000001fea5e4a000 Exception <a 'java/lang/NoSuchMethodError'{0x0000000088519968}: java.lang.invoke.DirectMethodHandle$Holder.invokeSpecial(Ljava/lang/Object;Ljava/lang/Object;Ljava/lang/Object;Ljava/lang/Object;)V> (0x0000000088519968) thrown at [./open/src/hotspot/share/i
Event: 1.880 Thread 0x000001fea5e4a000 Exception <a 'java/lang/NoSuchMethodError'{0x00000000885c55c0}: java.lang.invoke.DirectMethodHandle$Holder.invokeSpecial(Ljava/lang/Object;Ljava/lang/Object;)V> (0x00000000885c55c0) thrown at [./open/src/hotspot/share/interpreter/linkResolver.cpp, line 77
Event: 1.974 Thread 0x000001fea5e4a000 Exception <a 'java/lang/NoSuchMethodError'{0x000000008801d528}: java.lang.invoke.DirectMethodHandle$Holder.invokeSpecial(Ljava/lang/Object;Ljava/lang/Object;Ljava/lang/Object;Ljava/lang/Object;)I> (0x000000008801d528) thrown at [./open/src/hotspot/share/i

Events (10 events):
Event: 1508.518 Executing VM operation: GetOwnedMonitorInfo done
Event: 1510.377 Executing VM operation: GetFrameCount
Event: 1510.377 Executing VM operation: GetFrameCount done
Event: 1510.377 Executing VM operation: GetOwnedMonitorInfo
Event: 1510.377 Executing VM operation: GetOwnedMonitorInfo done
Event: 1510.377 Executing VM operation: GetCurrentContendedMonitor
Event: 1510.378 Executing VM operation: GetCurrentContendedMonitor done
Event: 1510.431 Executing VM operation: GetFrameLocation
Event: 1510.431 Executing VM operation: GetFrameLocation done
Event: 1510.432 Executing VM operation: GetOrSetLocal


Dynamic libraries:
0x00007ff644f00000 - 0x00007ff644f0f000 	C:\Program Files\Java\jdk-11.0.10\bin\javaw.exe
0x00007ff8e30d0000 - 0x00007ff8e32c5000 	C:\WINDOWS\SYSTEM32\ntdll.dll
0x00007ff8e1e10000 - 0x00007ff8e1ecd000 	C:\WINDOWS\System32\KERNEL32.DLL
0x00007ff8e0e60000 - 0x00007ff8e1128000 	C:\WINDOWS\System32\KERNELBASE.dll
0x00007ff8e0d00000 - 0x00007ff8e0e00000 	C:\WINDOWS\System32\ucrtbase.dll
0x00007ff8d5840000 - 0x00007ff8d5855000 	C:\Program Files\Java\jdk-11.0.10\bin\VCRUNTIME140.dll
0x00007ff8abf60000 - 0x00007ff8abf78000 	C:\Program Files\Java\jdk-11.0.10\bin\jli.dll
0x00007ff8e1ae0000 - 0x00007ff8e1b8c000 	C:\WINDOWS\System32\ADVAPI32.dll
0x00007ff8e2ee0000 - 0x00007ff8e2f7e000 	C:\WINDOWS\System32\msvcrt.dll
0x00007ff8e2f80000 - 0x00007ff8e301b000 	C:\WINDOWS\System32\sechost.dll
0x00007ff8e1c30000 - 0x00007ff8e1d5b000 	C:\WINDOWS\System32\RPCRT4.dll
0x00007ff8e1fb0000 - 0x00007ff8e2150000 	C:\WINDOWS\System32\USER32.dll
0x00007ff8e0a90000 - 0x00007ff8e0ab2000 	C:\WINDOWS\System32\win32u.dll
0x00007ff8e1bf0000 - 0x00007ff8e1c1a000 	C:\WINDOWS\System32\GDI32.dll
0x00007ff8e0980000 - 0x00007ff8e0a8b000 	C:\WINDOWS\System32\gdi32full.dll
0x00007ff8e0860000 - 0x00007ff8e08fd000 	C:\WINDOWS\System32\msvcp_win.dll
0x00007ff8c8390000 - 0x00007ff8c862a000 	C:\WINDOWS\WinSxS\amd64_microsoft.windows.common-controls_6595b64144ccf1df_6.0.19041.844_none_ca00b6081b84eb1d\COMCTL32.dll
0x00007ff8d79a0000 - 0x00007ff8d79aa000 	C:\WINDOWS\SYSTEM32\VERSION.dll
0x00007ff8e1a10000 - 0x00007ff8e1a40000 	C:\WINDOWS\System32\IMM32.DLL
0x00007ff8a65f0000 - 0x00007ff8a668b000 	C:\Program Files\Java\jdk-11.0.10\bin\msvcp140.dll
0x00007ff8c2f30000 - 0x00007ff8c3a2b000 	C:\Program Files\Java\jdk-11.0.10\bin\server\jvm.dll
0x00007ff8e1ad0000 - 0x00007ff8e1ad8000 	C:\WINDOWS\System32\PSAPI.DLL
0x00007ff8c2f20000 - 0x00007ff8c2f29000 	C:\WINDOWS\SYSTEM32\WSOCK32.dll
0x00007ff8e3020000 - 0x00007ff8e308b000 	C:\WINDOWS\System32\WS2_32.dll
0x00007ff8d56a0000 - 0x00007ff8d56c7000 	C:\WINDOWS\SYSTEM32\WINMM.dll
0x00007ff8df110000 - 0x00007ff8df122000 	C:\WINDOWS\SYSTEM32\kernel.appcore.dll
0x00007ff8c2ec0000 - 0x00007ff8c2ed0000 	C:\Program Files\Java\jdk-11.0.10\bin\verify.dll
0x00007ff8de670000 - 0x00007ff8de854000 	C:\WINDOWS\SYSTEM32\DBGHELP.DLL
0x00007ff8d8350000 - 0x00007ff8d837c000 	C:\WINDOWS\SYSTEM32\dbgcore.DLL
0x00007ff8e0900000 - 0x00007ff8e0980000 	C:\WINDOWS\System32\bcryptPrimitives.dll
0x00007ff8c2e90000 - 0x00007ff8c2eb8000 	C:\Program Files\Java\jdk-11.0.10\bin\java.dll
0x00007ff8c2e40000 - 0x00007ff8c2e4a000 	C:\Program Files\Java\jdk-11.0.10\bin\jimage.dll
0x00007ff8ab710000 - 0x00007ff8ab748000 	C:\Program Files\Java\jdk-11.0.10\bin\jdwp.dll
0x00007ff8da5b0000 - 0x00007ff8da5be000 	C:\Program Files\Java\jdk-11.0.10\bin\instrument.dll
0x00007ff8c9ce0000 - 0x00007ff8c9cf6000 	C:\Program Files\Java\jdk-11.0.10\bin\zip.dll
0x00007ff8e21b0000 - 0x00007ff8e28f2000 	C:\WINDOWS\System32\SHELL32.dll
0x00007ff8de860000 - 0x00007ff8deff0000 	C:\WINDOWS\SYSTEM32\windows.storage.dll
0x00007ff8e29e0000 - 0x00007ff8e2d35000 	C:\WINDOWS\System32\combase.dll
0x00007ff8e0210000 - 0x00007ff8e023c000 	C:\WINDOWS\SYSTEM32\Wldp.dll
0x00007ff8e2d40000 - 0x00007ff8e2dee000 	C:\WINDOWS\System32\SHCORE.dll
0x00007ff8e2150000 - 0x00007ff8e21a5000 	C:\WINDOWS\System32\shlwapi.dll
0x00007ff8e0750000 - 0x00007ff8e076f000 	C:\WINDOWS\SYSTEM32\profapi.dll
0x00007ff8da590000 - 0x00007ff8da59a000 	C:\Program Files\Java\jdk-11.0.10\bin\dt_socket.dll
0x00007ff8dff80000 - 0x00007ff8dffea000 	C:\WINDOWS\System32\mswsock.dll
0x00007ff8dfc50000 - 0x00007ff8dfd1c000 	C:\WINDOWS\SYSTEM32\DNSAPI.dll
0x00007ff8dfc10000 - 0x00007ff8dfc4b000 	C:\WINDOWS\SYSTEM32\IPHLPAPI.DLL
0x00007ff8e18e0000 - 0x00007ff8e18e8000 	C:\WINDOWS\System32\NSI.dll
0x00007ff8d59a0000 - 0x00007ff8d5a1f000 	C:\WINDOWS\System32\fwpuclnt.dll
0x00007ff8e0c20000 - 0x00007ff8e0c47000 	C:\WINDOWS\System32\bcrypt.dll
0x00007ff8d53b0000 - 0x00007ff8d53ba000 	C:\Windows\System32\rasadhlp.dll
0x00007ff8bed50000 - 0x00007ff8bed69000 	C:\Program Files\Java\jdk-11.0.10\bin\net.dll
0x00007ff8d5a30000 - 0x00007ff8d5b3b000 	C:\WINDOWS\SYSTEM32\WINHTTP.dll
0x00007ff8bf4e0000 - 0x00007ff8bf4f2000 	C:\Program Files\Java\jdk-11.0.10\bin\nio.dll

dbghelp: loaded successfully - version: 4.0.5 - missing functions: none
symbol engine: initialized successfully - sym options: 0x614 - pdb path: .;C:\Program Files\Java\jdk-11.0.10\bin;C:\WINDOWS\SYSTEM32;C:\WINDOWS\WinSxS\amd64_microsoft.windows.common-controls_6595b64144ccf1df_6.0.19041.844_none_ca00b6081b84eb1d;C:\Program Files\Java\jdk-11.0.10\bin\server

VM Arguments:
jvm_args: -agentlib:jdwp=transport=dt_socket,suspend=y,address=localhost:60350 -ea -javaagent:C:\Users\49171\eclipse\java-2021-03\eclipse\configuration\org.eclipse.osgi\222\0\.cp\lib\javaagent-shaded.jar -Dfile.encoding=Cp1252 
java_command: org.eclipse.jdt.internal.junit.runner.RemoteTestRunner -version 3 -port 60349 -testLoaderClass org.eclipse.jdt.internal.junit5.runner.JUnit5TestLoader -loaderpluginname org.eclipse.jdt.junit5.runtime -classNames JunitTesting.PractiseTest
java_class_path (initial): C:\Users\49171\Desktop\Graph-Database-Learning-Algorithms-Neo4j-\Heart Failure Prediction\Decision Tree Codes\OVGU_C4.5_Decision_Tree\out\production\OVGU_C4.5_Decision_Tree;C:\Users\49171\.p2\pool\plugins\org.junit.jupiter.api_5.7.1.v20210222-1948.jar;C:\Users\49171\.p2\pool\plugins\org.junit.jupiter.engine_5.7.1.v20210222-1948.jar;C:\Users\49171\.p2\pool\plugins\org.junit.jupiter.migrationsupport_5.7.1.v20210222-1948.jar;C:\Users\49171\.p2\pool\plugins\org.junit.jupiter.params_5.7.1.v20210222-1948.jar;C:\Users\49171\.p2\pool\plugins\org.junit.platform.commons_1.7.1.v20210222-1948.jar;C:\Users\49171\.p2\pool\plugins\org.junit.platform.engine_1.7.1.v20210222-1948.jar;C:\Users\49171\.p2\pool\plugins\org.junit.platform.launcher_1.7.1.v20210222-1948.jar;C:\Users\49171\.p2\pool\plugins\org.junit.platform.runner_1.7.1.v20210222-1948.jar;C:\Users\49171\.p2\pool\plugins\org.junit.platform.suite.api_1.7.1.v20210222-1948.jar;C:\Users\49171\.p2\pool\plugins\org.junit.vintage.engine_5.7.1.v20210222-1948.jar;C:\Users\49171\.p2\pool\plugins\org.opentest4j_1.2.0.v20190826-0900.jar;C:\Users\49171\.p2\pool\plugins\org.apiguardian_1.1.0.v20190826-0900.jar;C:\Users\49171\.p2\pool\plugins\org.junit_4.13.0.v20200204-1500.jar;C:\Users\49171\.p2\pool\plugins\org.hamcrest.core_1.3.0.v20180420-1519.jar;C:\Users\49171\eclipse\java-2021-03\eclipse\configuration\org.eclipse.osgi\221\0\.cp;C:\Users\49171\eclipse\java-2021-03\eclipse\configuration\org.eclipse.osgi\219\0\.cp
Launcher Type: SUN_STANDARD

[Global flags]
     intx CICompilerCount                          = 3                                         {product} {ergonomic}
     uint ConcGCThreads                            = 1                                         {product} {ergonomic}
     uint G1ConcRefinementThreads                  = 4                                         {product} {ergonomic}
   size_t G1HeapRegionSize                         = 1048576                                   {product} {ergonomic}
    uintx GCDrainStackTargetSize                   = 64                                        {product} {ergonomic}
   size_t InitialHeapSize                          = 134217728                                 {product} {ergonomic}
   size_t MarkStackSize                            = 4194304                                   {product} {ergonomic}
   size_t MaxHeapSize                              = 2116026368                                {product} {ergonomic}
   size_t MaxNewSize                               = 1268776960                                {product} {ergonomic}
   size_t MinHeapDeltaBytes                        = 1048576                                   {product} {ergonomic}
    uintx NonNMethodCodeHeapSize                   = 5830732                                {pd product} {ergonomic}
    uintx NonProfiledCodeHeapSize                  = 122913754                              {pd product} {ergonomic}
    uintx ProfiledCodeHeapSize                     = 122913754                              {pd product} {ergonomic}
    uintx ReservedCodeCacheSize                    = 251658240                              {pd product} {ergonomic}
     bool SegmentedCodeCache                       = true                                      {product} {ergonomic}
     bool UseCompressedClassPointers               = true                                 {lp64_product} {ergonomic}
     bool UseCompressedOops                        = true                                 {lp64_product} {ergonomic}
     bool UseG1GC                                  = true                                      {product} {ergonomic}
     bool UseLargePagesIndividualAllocation        = false                                  {pd product} {ergonomic}

Logging:
Log output configuration:
 #0: stdout all=warning uptime,level,tags
 #1: stderr all=off uptime,level,tags

Environment Variables:
PATH=C:/Program Files/Java/jdk-11.0.10/bin/server;C:/Program Files/Java/jdk-11.0.10/bin;C:\Program Files (x86)\Common Files\Oracle\Java\javapath;C:\Program Files\Common Files\Oracle\Java\javapath;C:\WINDOWS\system32;C:\WINDOWS;C:\WINDOWS\System32\Wbem;C:\WINDOWS\System32\WindowsPowerShell\v1.0\;C:\WINDOWS\System32\OpenSSH\;C:\Program Files\Git\cmd;C:\Program Files\R\R-4.0.3\bin;C:\Program Files\R\R-4.0.3\bin\R.exe;C:\Users\49171\AppData\Local\Programs\Python\Python38\Scripts\;C:\Users\49171\AppData\Local\Programs\Python\Python38\;C:\Users\49171\AppData\Local\Microsoft\WindowsApps;C:\Program Files\JetBrains\PyCharm 2020.3.2\bin;;C:\Program Files\JetBrains\PyCharm Community Edition 2020.3.2\bin;;C:\Users\49171\AppData\Local\GitHubDesktop\bin;C:\Program Files\Java\jdk-11.0.10\bin;;C:\WINDOWS\system32;
USERNAME=49171
OS=Windows_NT
PROCESSOR_IDENTIFIER=Intel64 Family 6 Model 142 Stepping 9, GenuineIntel



---------------  S Y S T E M  ---------------

OS: Windows 10 , 64 bit Build 19041 (10.0.19041.928)

CPU:total 4 (initial active 4) (2 cores per cpu, 2 threads per core) family 6 model 142 stepping 9 microcode 0xde, cmov, cx8, fxsr, mmx, sse, sse2, sse3, ssse3, sse4.1, sse4.2, popcnt, avx, avx2, aes, clmul, erms, 3dnowpref, lzcnt, ht, tsc, tscinvbit, bmi1, bmi2, adx, fma

Memory: 4k page, system-wide physical 8064M (1444M free)
TotalPageFile size 22543M (AvailPageFile size 2989M)
current process WorkingSet (physical memory assigned to process): 81M, peak: 90M
current process commit charge ("private bytes"): 211M, peak: 221M

vm_info: Java HotSpot(TM) 64-Bit Server VM (11.0.10+8-LTS-162) for windows-amd64 JRE (11.0.10+8-LTS-162), built on Dec  8 2020 16:32:57 by "mach5one" with MS VC++ 15.9 (VS2017)

END.
