#
# A fatal error has been detected by the Java Runtime Environment:
#
#  EXCEPTION_ACCESS_VIOLATION (0xc0000005) at pc=0x00007ff8c35c41cb, pid=2904, tid=17020
#
# JRE version: Java(TM) SE Runtime Environment 18.9 (11.0.10+8) (build 11.0.10+8-LTS-162)
# Java VM: Java HotSpot(TM) 64-Bit Server VM 18.9 (11.0.10+8-LTS-162, mixed mode, tiered, compressed oops, g1 gc, windows-amd64)
# Problematic frame:
# V  [jvm.dll+0x6941cb]
#
# No core dump will be written. Minidumps are not enabled by default on client versions of Windows
#
# If you would like to submit a bug report, please visit:
#   https://bugreport.java.com/bugreport/crash.jsp
#

---------------  S U M M A R Y ------------

Command Line: -agentlib:jdwp=transport=dt_socket,suspend=y,address=localhost:60360 -ea -javaagent:C:\Users\49171\eclipse\java-2021-03\eclipse\configuration\org.eclipse.osgi\222\0\.cp\lib\javaagent-shaded.jar -Dfile.encoding=Cp1252 org.eclipse.jdt.internal.junit.runner.RemoteTestRunner -version 3 -port 60359 -testLoaderClass org.eclipse.jdt.internal.junit5.runner.JUnit5TestLoader -loaderpluginname org.eclipse.jdt.junit5.runtime -classNames JunitTesting.PractiseTest

Host: Intel(R) Core(TM) i3-7100U CPU @ 2.40GHz, 4 cores, 7G,  Windows 10 , 64 bit Build 19041 (10.0.19041.928)
Time: Thu May 27 04:52:11 2021 W. Europe Daylight Time elapsed time: 1399.424463 seconds (0d 0h 23m 19s)

---------------  T H R E A D  ---------------

Current thread (0x000002944a0e6000):  VMThread "VM Thread" [stack: 0x000000dc72900000,0x000000dc72a00000] [id=17020]

Stack: [0x000000dc72900000,0x000000dc72a00000],  sp=0x000000dc729fe6c0,  free space=1017k
Native frames: (J=compiled Java code, j=interpreted, Vv=VM code, C=native code)
V  [jvm.dll+0x6941cb]
V  [jvm.dll+0x31c663]
V  [jvm.dll+0x31e365]
V  [jvm.dll+0x31ec4e]
V  [jvm.dll+0x31c4bc]
V  [jvm.dll+0x31b6f2]
V  [jvm.dll+0x603595]
V  [jvm.dll+0x60331d]
V  [jvm.dll+0x5cb403]
V  [jvm.dll+0x4de0e1]
V  [jvm.dll+0x75424c]
V  [jvm.dll+0x7525d7]
V  [jvm.dll+0x752e00]
V  [jvm.dll+0x753117]
V  [jvm.dll+0x70c314]
V  [jvm.dll+0x613036]
C  [ucrtbase.dll+0x21bb2]
C  [KERNEL32.DLL+0x17034]
C  [ntdll.dll+0x52651]


siginfo: EXCEPTION_ACCESS_VIOLATION (0xc0000005), reading address 0x0000000000020006


Register to memory mapping:

RIP=0x00007ff8c35c41cb jvm.dll
RAX=0x000000dc729fe750 points into unknown readable memory: 1d 00 00 46 00 00 00 00
RBX=0x000000dc729fe720 points into unknown readable memory: 58 73 78 c3 f8 7f 00 00
RCX=0x0 is NULL
RDX=0x0000000000020000 is an unknown value
RSP=0x000000dc729fe6c0 points into unknown readable memory: 20 e7 9f 72 dc 00 00 00
RBP=0x000000dc729fec70 points into unknown readable memory: b8 d8 09 4a 94 02 00 00
RSI=0x0 is NULL
RDI=0x0000000000020000 is an unknown value
R8 =0x0 is NULL
R9 =0x000002944bacaaa8 is pointing into metadata
R10=0x00007ff8c2f30000 jvm.dll
R11=0x000000dc729feb80 points into unknown readable memory: 40 ec 9f 72 dc 00 00 00
R12=0x000002944a09d590 points into unknown readable memory: 00 52 7c c3 00 00 00 00
R13=0x0 is NULL
R14=0x000002944bacaff8 is pointing into metadata
R15=0x000000000000002c is an unknown value


Registers:
RAX=0x000000dc729fe750, RBX=0x000000dc729fe720, RCX=0x0000000000000000, RDX=0x0000000000020000
RSP=0x000000dc729fe6c0, RBP=0x000000dc729fec70, RSI=0x0000000000000000, RDI=0x0000000000020000
R8 =0x0000000000000000, R9 =0x000002944bacaaa8, R10=0x00007ff8c2f30000, R11=0x000000dc729feb80
R12=0x000002944a09d590, R13=0x0000000000000000, R14=0x000002944bacaff8, R15=0x000000000000002c
RIP=0x00007ff8c35c41cb, EFLAGS=0x0000000000010246

Top of Stack: (sp=0x000000dc729fe6c0)
0x000000dc729fe6c0:   000000dc729fe720 0000000100000000
0x000000dc729fe6d0:   000000000021ba00 00007ff8c35c474b
0x000000dc729fe6e0:   0000000000000000 00007ff8c324c663
0x000000dc729fe6f0:   0000000000000000 000000dc729fede0
0x000000dc729fe700:   0000000000000050 000002944b9add8e
0x000000dc729fe710:   00007ff8c2f30000 ffffffffffffffff
0x000000dc729fe720:   00007ff8c3787358 0000000000020000
0x000000dc729fe730:   0000000000000000 00007ff80000000c
0x000000dc729fe740:   000000dc729fe750 000000dc00000000
0x000000dc729fe750:   000000004600001d 000002944a09d6b8
0x000000dc729fe760:   4fffffff4fffffff 4fffffff4fffffff
0x000000dc729fe770:   00007ff8c3787358 000002944af6dfe0
0x000000dc729fe780:   0000000000000037 000002940000000e
0x000000dc729fe790:   000000dc729fe7b0 00007ff8e0d12437
0x000000dc729fe7a0:   0000000000000000 00007ff8c35c474b
0x000000dc729fe7b0:   4fffffff4fffffff 4fffffff4fffffff 

Instructions: (pc=0x00007ff8c35c41cb)
0x00007ff8c35c41ab:   cc cc cc cc cc 40 53 48 83 ec 20 c7 41 10 00 00
0x00007ff8c35c41bb:   00 00 48 8b d9 48 89 7c 24 38 48 8b 79 08 33 c9
0x00007ff8c35c41cb:   80 7f 06 28 74 26 44 8d 49 28 8d 51 35 48 8d 0d
0x00007ff8c35c41db:   71 40 21 00 4c 8d 05 5a 40 21 00 e8 d5 f6 ba ff 


Stack slot to memory mapping:
stack at sp + 0 slots: 0x000000dc729fe720 points into unknown readable memory: 58 73 78 c3 f8 7f 00 00
stack at sp + 1 slots: 0x0000000100000000 is pointing into metadata
stack at sp + 2 slots: 0x000000000021ba00 is an unknown value
stack at sp + 3 slots: 0x00007ff8c35c474b jvm.dll
stack at sp + 4 slots: 0x0 is NULL
stack at sp + 5 slots: 0x00007ff8c324c663 jvm.dll
stack at sp + 6 slots: 0x0 is NULL
stack at sp + 7 slots: 0x000000dc729fede0 points into unknown readable memory: 28 7a 7c c3 f8 7f 00 00

VM_Operation (0x000000dc733ff4c0): GetOrSetLocal, mode: safepoint, requested by thread 0x000002944ad4b000


---------------  P R O C E S S  ---------------

Threads class SMR info:
_java_thread_list=0x000002944ad5cce0, length=14, elements={
0x000002942bc5a000, 0x000002944a108000, 0x000002944a110800, 0x000002944aa93800,
0x000002944a123800, 0x000002944a130800, 0x000002944a138000, 0x000002944a139800,
0x000002944a09f800, 0x000002944ad4b000, 0x000002944ad4c000, 0x000002944accf800,
0x000002944ae34000, 0x000002944b608800
}

Java Threads: ( => current thread )
  0x000002942bc5a000 JavaThread "main" [_thread_blocked, id=16048, stack(0x000000dc72300000,0x000000dc72400000)]
  0x000002944a108000 JavaThread "Reference Handler" daemon [_thread_blocked, id=16200, stack(0x000000dc72a00000,0x000000dc72b00000)]
  0x000002944a110800 JavaThread "Finalizer" daemon [_thread_blocked, id=12780, stack(0x000000dc72b00000,0x000000dc72c00000)]
  0x000002944aa93800 JavaThread "Signal Dispatcher" daemon [_thread_blocked, id=14728, stack(0x000000dc72c00000,0x000000dc72d00000)]
  0x000002944a123800 JavaThread "Attach Listener" daemon [_thread_blocked, id=8516, stack(0x000000dc72d00000,0x000000dc72e00000)]
  0x000002944a130800 JavaThread "C2 CompilerThread0" daemon [_thread_blocked, id=18160, stack(0x000000dc72e00000,0x000000dc72f00000)]
  0x000002944a138000 JavaThread "C1 CompilerThread0" daemon [_thread_blocked, id=15684, stack(0x000000dc72f00000,0x000000dc73000000)]
  0x000002944a139800 JavaThread "Sweeper thread" daemon [_thread_blocked, id=10684, stack(0x000000dc73000000,0x000000dc73100000)]
  0x000002944a09f800 JavaThread "Common-Cleaner" daemon [_thread_blocked, id=19232, stack(0x000000dc73100000,0x000000dc73200000)]
  0x000002944ad4b000 JavaThread "JDWP Transport Listener: dt_socket" daemon [_thread_blocked, id=16224, stack(0x000000dc73300000,0x000000dc73400000)] _threads_hazard_ptr=0x000002944ad5cce0
  0x000002944ad4c000 JavaThread "JDWP Event Helper Thread" daemon [_thread_blocked, id=12516, stack(0x000000dc73400000,0x000000dc73500000)]
  0x000002944accf800 JavaThread "JDWP Command Reader" daemon [_thread_in_native, id=14848, stack(0x000000dc73500000,0x000000dc73600000)]
  0x000002944ae34000 JavaThread "Service Thread" daemon [_thread_blocked, id=10864, stack(0x000000dc73200000,0x000000dc73300000)]
  0x000002944b608800 JavaThread "ReaderThread" [_thread_in_native, id=15524, stack(0x000000dc73a00000,0x000000dc73b00000)]

Other Threads:
=>0x000002944a0e6000 VMThread "VM Thread" [stack: 0x000000dc72900000,0x000000dc72a00000] [id=17020]
  0x000002944ae36800 WatcherThread [stack: 0x000000dc73600000,0x000000dc73700000] [id=16872]
  0x000002942bc70000 GCTaskThread "GC Thread#0" [stack: 0x000000dc72400000,0x000000dc72500000] [id=16264]
  0x000002944b142000 GCTaskThread "GC Thread#1" [stack: 0x000000dc73800000,0x000000dc73900000] [id=4288]
  0x000002944b611800 GCTaskThread "GC Thread#2" [stack: 0x000000dc73900000,0x000000dc73a00000] [id=8276]
  0x000002942bca6800 ConcurrentGCThread "G1 Main Marker" [stack: 0x000000dc72500000,0x000000dc72600000] [id=6864]
  0x000002942bcaa000 ConcurrentGCThread "G1 Conc#0" [stack: 0x000000dc72600000,0x000000dc72700000] [id=5976]
  0x000002942bd3c800 ConcurrentGCThread "G1 Refine#0" [stack: 0x000000dc72700000,0x000000dc72800000] [id=15996]
  0x000002942bd3d800 ConcurrentGCThread "G1 Young RemSet Sampling" [stack: 0x000000dc72800000,0x000000dc72900000] [id=15788]

Threads with active compile tasks:

VM state:at safepoint (normal execution)

VM Mutex/Monitor currently owned by a thread:  ([mutex/lock_event])
[0x000002942bc56860] Threads_lock - owner thread: 0x000002944a0e6000

Heap address: 0x0000000081e00000, size: 2018 MB, Compressed Oops mode: 32-bit
Narrow klass base: 0x0000000000000000, Narrow klass shift: 3
Compressed class space size: 1073741824 Address: 0x0000000100000000

Heap:
 garbage-first heap   total 131072K, used 29806K [0x0000000081e00000, 0x0000000100000000)
  region size 1024K, 30 young (30720K), 2 survivors (2048K)
 Metaspace       used 14778K, capacity 15149K, committed 15232K, reserved 1062912K
  class space    used 1477K, capacity 1641K, committed 1664K, reserved 1048576K
Heap Regions: E=young(eden), S=young(survivor), O=old, HS=humongous(starts), HC=humongous(continues), CS=collection set, F=free, A=archive, TAMS=top-at-mark-start (previous, next)
|   0|0x0000000081e00000, 0x0000000081e1ba00, 0x0000000081f00000| 10%| O|  |TAMS 0x0000000081e00000, 0x0000000081e00000| Untracked 
|   1|0x0000000081f00000, 0x0000000081f00000, 0x0000000082000000|  0%| F|  |TAMS 0x0000000081f00000, 0x0000000081f00000| Untracked 
|   2|0x0000000082000000, 0x0000000082000000, 0x0000000082100000|  0%| F|  |TAMS 0x0000000082000000, 0x0000000082000000| Untracked 
|   3|0x0000000082100000, 0x0000000082100000, 0x0000000082200000|  0%| F|  |TAMS 0x0000000082100000, 0x0000000082100000| Untracked 
|   4|0x0000000082200000, 0x0000000082200000, 0x0000000082300000|  0%| F|  |TAMS 0x0000000082200000, 0x0000000082200000| Untracked 
|   5|0x0000000082300000, 0x0000000082300000, 0x0000000082400000|  0%| F|  |TAMS 0x0000000082300000, 0x0000000082300000| Untracked 
|   6|0x0000000082400000, 0x0000000082400000, 0x0000000082500000|  0%| F|  |TAMS 0x0000000082400000, 0x0000000082400000| Untracked 
|   7|0x0000000082500000, 0x0000000082500000, 0x0000000082600000|  0%| F|  |TAMS 0x0000000082500000, 0x0000000082500000| Untracked 
|   8|0x0000000082600000, 0x0000000082600000, 0x0000000082700000|  0%| F|  |TAMS 0x0000000082600000, 0x0000000082600000| Untracked 
|   9|0x0000000082700000, 0x0000000082700000, 0x0000000082800000|  0%| F|  |TAMS 0x0000000082700000, 0x0000000082700000| Untracked 
|  10|0x0000000082800000, 0x0000000082800000, 0x0000000082900000|  0%| F|  |TAMS 0x0000000082800000, 0x0000000082800000| Untracked 
|  11|0x0000000082900000, 0x0000000082900000, 0x0000000082a00000|  0%| F|  |TAMS 0x0000000082900000, 0x0000000082900000| Untracked 
|  12|0x0000000082a00000, 0x0000000082a00000, 0x0000000082b00000|  0%| F|  |TAMS 0x0000000082a00000, 0x0000000082a00000| Untracked 
|  13|0x0000000082b00000, 0x0000000082b00000, 0x0000000082c00000|  0%| F|  |TAMS 0x0000000082b00000, 0x0000000082b00000| Untracked 
|  14|0x0000000082c00000, 0x0000000082c00000, 0x0000000082d00000|  0%| F|  |TAMS 0x0000000082c00000, 0x0000000082c00000| Untracked 
|  15|0x0000000082d00000, 0x0000000082d00000, 0x0000000082e00000|  0%| F|  |TAMS 0x0000000082d00000, 0x0000000082d00000| Untracked 
|  16|0x0000000082e00000, 0x0000000082e00000, 0x0000000082f00000|  0%| F|  |TAMS 0x0000000082e00000, 0x0000000082e00000| Untracked 
|  17|0x0000000082f00000, 0x0000000082f00000, 0x0000000083000000|  0%| F|  |TAMS 0x0000000082f00000, 0x0000000082f00000| Untracked 
|  18|0x0000000083000000, 0x0000000083000000, 0x0000000083100000|  0%| F|  |TAMS 0x0000000083000000, 0x0000000083000000| Untracked 
|  19|0x0000000083100000, 0x0000000083100000, 0x0000000083200000|  0%| F|  |TAMS 0x0000000083100000, 0x0000000083100000| Untracked 
|  20|0x0000000083200000, 0x0000000083200000, 0x0000000083300000|  0%| F|  |TAMS 0x0000000083200000, 0x0000000083200000| Untracked 
|  21|0x0000000083300000, 0x0000000083300000, 0x0000000083400000|  0%| F|  |TAMS 0x0000000083300000, 0x0000000083300000| Untracked 
|  22|0x0000000083400000, 0x0000000083400000, 0x0000000083500000|  0%| F|  |TAMS 0x0000000083400000, 0x0000000083400000| Untracked 
|  23|0x0000000083500000, 0x0000000083500000, 0x0000000083600000|  0%| F|  |TAMS 0x0000000083500000, 0x0000000083500000| Untracked 
|  24|0x0000000083600000, 0x0000000083600000, 0x0000000083700000|  0%| F|  |TAMS 0x0000000083600000, 0x0000000083600000| Untracked 
|  25|0x0000000083700000, 0x0000000083700000, 0x0000000083800000|  0%| F|  |TAMS 0x0000000083700000, 0x0000000083700000| Untracked 
|  26|0x0000000083800000, 0x0000000083800000, 0x0000000083900000|  0%| F|  |TAMS 0x0000000083800000, 0x0000000083800000| Untracked 
|  27|0x0000000083900000, 0x0000000083900000, 0x0000000083a00000|  0%| F|  |TAMS 0x0000000083900000, 0x0000000083900000| Untracked 
|  28|0x0000000083a00000, 0x0000000083a00000, 0x0000000083b00000|  0%| F|  |TAMS 0x0000000083a00000, 0x0000000083a00000| Untracked 
|  29|0x0000000083b00000, 0x0000000083b00000, 0x0000000083c00000|  0%| F|  |TAMS 0x0000000083b00000, 0x0000000083b00000| Untracked 
|  30|0x0000000083c00000, 0x0000000083c00000, 0x0000000083d00000|  0%| F|  |TAMS 0x0000000083c00000, 0x0000000083c00000| Untracked 
|  31|0x0000000083d00000, 0x0000000083d00000, 0x0000000083e00000|  0%| F|  |TAMS 0x0000000083d00000, 0x0000000083d00000| Untracked 
|  32|0x0000000083e00000, 0x0000000083e00000, 0x0000000083f00000|  0%| F|  |TAMS 0x0000000083e00000, 0x0000000083e00000| Untracked 
|  33|0x0000000083f00000, 0x0000000083f00000, 0x0000000084000000|  0%| F|  |TAMS 0x0000000083f00000, 0x0000000083f00000| Untracked 
|  34|0x0000000084000000, 0x0000000084000000, 0x0000000084100000|  0%| F|  |TAMS 0x0000000084000000, 0x0000000084000000| Untracked 
|  35|0x0000000084100000, 0x0000000084100000, 0x0000000084200000|  0%| F|  |TAMS 0x0000000084100000, 0x0000000084100000| Untracked 
|  36|0x0000000084200000, 0x0000000084200000, 0x0000000084300000|  0%| F|  |TAMS 0x0000000084200000, 0x0000000084200000| Untracked 
|  37|0x0000000084300000, 0x0000000084300000, 0x0000000084400000|  0%| F|  |TAMS 0x0000000084300000, 0x0000000084300000| Untracked 
|  38|0x0000000084400000, 0x0000000084400000, 0x0000000084500000|  0%| F|  |TAMS 0x0000000084400000, 0x0000000084400000| Untracked 
|  39|0x0000000084500000, 0x0000000084500000, 0x0000000084600000|  0%| F|  |TAMS 0x0000000084500000, 0x0000000084500000| Untracked 
|  40|0x0000000084600000, 0x0000000084600000, 0x0000000084700000|  0%| F|  |TAMS 0x0000000084600000, 0x0000000084600000| Untracked 
|  41|0x0000000084700000, 0x0000000084700000, 0x0000000084800000|  0%| F|  |TAMS 0x0000000084700000, 0x0000000084700000| Untracked 
|  42|0x0000000084800000, 0x0000000084800000, 0x0000000084900000|  0%| F|  |TAMS 0x0000000084800000, 0x0000000084800000| Untracked 
|  43|0x0000000084900000, 0x0000000084900000, 0x0000000084a00000|  0%| F|  |TAMS 0x0000000084900000, 0x0000000084900000| Untracked 
|  44|0x0000000084a00000, 0x0000000084a00000, 0x0000000084b00000|  0%| F|  |TAMS 0x0000000084a00000, 0x0000000084a00000| Untracked 
|  45|0x0000000084b00000, 0x0000000084b00000, 0x0000000084c00000|  0%| F|  |TAMS 0x0000000084b00000, 0x0000000084b00000| Untracked 
|  46|0x0000000084c00000, 0x0000000084c00000, 0x0000000084d00000|  0%| F|  |TAMS 0x0000000084c00000, 0x0000000084c00000| Untracked 
|  47|0x0000000084d00000, 0x0000000084d00000, 0x0000000084e00000|  0%| F|  |TAMS 0x0000000084d00000, 0x0000000084d00000| Untracked 
|  48|0x0000000084e00000, 0x0000000084e00000, 0x0000000084f00000|  0%| F|  |TAMS 0x0000000084e00000, 0x0000000084e00000| Untracked 
|  49|0x0000000084f00000, 0x0000000084f00000, 0x0000000085000000|  0%| F|  |TAMS 0x0000000084f00000, 0x0000000084f00000| Untracked 
|  50|0x0000000085000000, 0x0000000085000000, 0x0000000085100000|  0%| F|  |TAMS 0x0000000085000000, 0x0000000085000000| Untracked 
|  51|0x0000000085100000, 0x0000000085100000, 0x0000000085200000|  0%| F|  |TAMS 0x0000000085100000, 0x0000000085100000| Untracked 
|  52|0x0000000085200000, 0x0000000085200000, 0x0000000085300000|  0%| F|  |TAMS 0x0000000085200000, 0x0000000085200000| Untracked 
|  53|0x0000000085300000, 0x0000000085300000, 0x0000000085400000|  0%| F|  |TAMS 0x0000000085300000, 0x0000000085300000| Untracked 
|  54|0x0000000085400000, 0x0000000085400000, 0x0000000085500000|  0%| F|  |TAMS 0x0000000085400000, 0x0000000085400000| Untracked 
|  55|0x0000000085500000, 0x0000000085500000, 0x0000000085600000|  0%| F|  |TAMS 0x0000000085500000, 0x0000000085500000| Untracked 
|  56|0x0000000085600000, 0x0000000085600000, 0x0000000085700000|  0%| F|  |TAMS 0x0000000085600000, 0x0000000085600000| Untracked 
|  57|0x0000000085700000, 0x0000000085700000, 0x0000000085800000|  0%| F|  |TAMS 0x0000000085700000, 0x0000000085700000| Untracked 
|  58|0x0000000085800000, 0x0000000085800000, 0x0000000085900000|  0%| F|  |TAMS 0x0000000085800000, 0x0000000085800000| Untracked 
|  59|0x0000000085900000, 0x0000000085900000, 0x0000000085a00000|  0%| F|  |TAMS 0x0000000085900000, 0x0000000085900000| Untracked 
|  60|0x0000000085a00000, 0x0000000085a00000, 0x0000000085b00000|  0%| F|  |TAMS 0x0000000085a00000, 0x0000000085a00000| Untracked 
|  61|0x0000000085b00000, 0x0000000085b00000, 0x0000000085c00000|  0%| F|  |TAMS 0x0000000085b00000, 0x0000000085b00000| Untracked 
|  62|0x0000000085c00000, 0x0000000085c00000, 0x0000000085d00000|  0%| F|  |TAMS 0x0000000085c00000, 0x0000000085c00000| Untracked 
|  63|0x0000000085d00000, 0x0000000085d00000, 0x0000000085e00000|  0%| F|  |TAMS 0x0000000085d00000, 0x0000000085d00000| Untracked 
|  64|0x0000000085e00000, 0x0000000085e00000, 0x0000000085f00000|  0%| F|  |TAMS 0x0000000085e00000, 0x0000000085e00000| Untracked 
|  65|0x0000000085f00000, 0x0000000085f00000, 0x0000000086000000|  0%| F|  |TAMS 0x0000000085f00000, 0x0000000085f00000| Untracked 
|  66|0x0000000086000000, 0x0000000086000000, 0x0000000086100000|  0%| F|  |TAMS 0x0000000086000000, 0x0000000086000000| Untracked 
|  67|0x0000000086100000, 0x0000000086100000, 0x0000000086200000|  0%| F|  |TAMS 0x0000000086100000, 0x0000000086100000| Untracked 
|  68|0x0000000086200000, 0x0000000086200000, 0x0000000086300000|  0%| F|  |TAMS 0x0000000086200000, 0x0000000086200000| Untracked 
|  69|0x0000000086300000, 0x0000000086300000, 0x0000000086400000|  0%| F|  |TAMS 0x0000000086300000, 0x0000000086300000| Untracked 
|  70|0x0000000086400000, 0x0000000086400000, 0x0000000086500000|  0%| F|  |TAMS 0x0000000086400000, 0x0000000086400000| Untracked 
|  71|0x0000000086500000, 0x0000000086500000, 0x0000000086600000|  0%| F|  |TAMS 0x0000000086500000, 0x0000000086500000| Untracked 
|  72|0x0000000086600000, 0x0000000086600000, 0x0000000086700000|  0%| F|  |TAMS 0x0000000086600000, 0x0000000086600000| Untracked 
|  73|0x0000000086700000, 0x0000000086700000, 0x0000000086800000|  0%| F|  |TAMS 0x0000000086700000, 0x0000000086700000| Untracked 
|  74|0x0000000086800000, 0x0000000086800000, 0x0000000086900000|  0%| F|  |TAMS 0x0000000086800000, 0x0000000086800000| Untracked 
|  75|0x0000000086900000, 0x0000000086900000, 0x0000000086a00000|  0%| F|  |TAMS 0x0000000086900000, 0x0000000086900000| Untracked 
|  76|0x0000000086a00000, 0x0000000086a00000, 0x0000000086b00000|  0%| F|  |TAMS 0x0000000086a00000, 0x0000000086a00000| Untracked 
|  77|0x0000000086b00000, 0x0000000086b00000, 0x0000000086c00000|  0%| F|  |TAMS 0x0000000086b00000, 0x0000000086b00000| Untracked 
|  78|0x0000000086c00000, 0x0000000086c00000, 0x0000000086d00000|  0%| F|  |TAMS 0x0000000086c00000, 0x0000000086c00000| Untracked 
|  79|0x0000000086d00000, 0x0000000086d00000, 0x0000000086e00000|  0%| F|  |TAMS 0x0000000086d00000, 0x0000000086d00000| Untracked 
|  80|0x0000000086e00000, 0x0000000086e00000, 0x0000000086f00000|  0%| F|  |TAMS 0x0000000086e00000, 0x0000000086e00000| Untracked 
|  81|0x0000000086f00000, 0x0000000086f00000, 0x0000000087000000|  0%| F|  |TAMS 0x0000000086f00000, 0x0000000086f00000| Untracked 
|  82|0x0000000087000000, 0x0000000087000000, 0x0000000087100000|  0%| F|  |TAMS 0x0000000087000000, 0x0000000087000000| Untracked 
|  83|0x0000000087100000, 0x0000000087100000, 0x0000000087200000|  0%| F|  |TAMS 0x0000000087100000, 0x0000000087100000| Untracked 
|  84|0x0000000087200000, 0x0000000087200000, 0x0000000087300000|  0%| F|  |TAMS 0x0000000087200000, 0x0000000087200000| Untracked 
|  85|0x0000000087300000, 0x0000000087300000, 0x0000000087400000|  0%| F|  |TAMS 0x0000000087300000, 0x0000000087300000| Untracked 
|  86|0x0000000087400000, 0x0000000087400000, 0x0000000087500000|  0%| F|  |TAMS 0x0000000087400000, 0x0000000087400000| Untracked 
|  87|0x0000000087500000, 0x0000000087500000, 0x0000000087600000|  0%| F|  |TAMS 0x0000000087500000, 0x0000000087500000| Untracked 
|  88|0x0000000087600000, 0x0000000087600000, 0x0000000087700000|  0%| F|  |TAMS 0x0000000087600000, 0x0000000087600000| Untracked 
|  89|0x0000000087700000, 0x0000000087700000, 0x0000000087800000|  0%| F|  |TAMS 0x0000000087700000, 0x0000000087700000| Untracked 
|  90|0x0000000087800000, 0x0000000087800000, 0x0000000087900000|  0%| F|  |TAMS 0x0000000087800000, 0x0000000087800000| Untracked 
|  91|0x0000000087900000, 0x0000000087900000, 0x0000000087a00000|  0%| F|  |TAMS 0x0000000087900000, 0x0000000087900000| Untracked 
|  92|0x0000000087a00000, 0x0000000087a00000, 0x0000000087b00000|  0%| F|  |TAMS 0x0000000087a00000, 0x0000000087a00000| Untracked 
|  93|0x0000000087b00000, 0x0000000087b00000, 0x0000000087c00000|  0%| F|  |TAMS 0x0000000087b00000, 0x0000000087b00000| Untracked 
|  94|0x0000000087c00000, 0x0000000087c00000, 0x0000000087d00000|  0%| F|  |TAMS 0x0000000087c00000, 0x0000000087c00000| Untracked 
|  95|0x0000000087d00000, 0x0000000087d00000, 0x0000000087e00000|  0%| F|  |TAMS 0x0000000087d00000, 0x0000000087d00000| Untracked 
|  96|0x0000000087e00000, 0x0000000087e00000, 0x0000000087f00000|  0%| F|  |TAMS 0x0000000087e00000, 0x0000000087e00000| Untracked 
|  97|0x0000000087f00000, 0x0000000087f00000, 0x0000000088000000|  0%| F|  |TAMS 0x0000000087f00000, 0x0000000087f00000| Untracked 
|  98|0x0000000088000000, 0x0000000088100000, 0x0000000088100000|100%| E|  |TAMS 0x0000000088000000, 0x0000000088000000| Complete 
|  99|0x0000000088100000, 0x0000000088200000, 0x0000000088200000|100%| E|CS|TAMS 0x0000000088100000, 0x0000000088100000| Complete 
| 100|0x0000000088200000, 0x0000000088300000, 0x0000000088300000|100%| E|CS|TAMS 0x0000000088200000, 0x0000000088200000| Complete 
| 101|0x0000000088300000, 0x0000000088400000, 0x0000000088400000|100%| E|CS|TAMS 0x0000000088300000, 0x0000000088300000| Complete 
| 102|0x0000000088400000, 0x0000000088500000, 0x0000000088500000|100%| E|CS|TAMS 0x0000000088400000, 0x0000000088400000| Complete 
| 103|0x0000000088500000, 0x0000000088600000, 0x0000000088600000|100%| E|CS|TAMS 0x0000000088500000, 0x0000000088500000| Complete 
| 104|0x0000000088600000, 0x0000000088700000, 0x0000000088700000|100%| E|CS|TAMS 0x0000000088600000, 0x0000000088600000| Complete 
| 105|0x0000000088700000, 0x0000000088800000, 0x0000000088800000|100%| E|CS|TAMS 0x0000000088700000, 0x0000000088700000| Complete 
| 106|0x0000000088800000, 0x0000000088900000, 0x0000000088900000|100%| E|CS|TAMS 0x0000000088800000, 0x0000000088800000| Complete 
| 107|0x0000000088900000, 0x0000000088a00000, 0x0000000088a00000|100%| E|CS|TAMS 0x0000000088900000, 0x0000000088900000| Complete 
| 108|0x0000000088a00000, 0x0000000088b00000, 0x0000000088b00000|100%| E|CS|TAMS 0x0000000088a00000, 0x0000000088a00000| Complete 
| 109|0x0000000088b00000, 0x0000000088c00000, 0x0000000088c00000|100%| E|CS|TAMS 0x0000000088b00000, 0x0000000088b00000| Complete 
| 110|0x0000000088c00000, 0x0000000088d00000, 0x0000000088d00000|100%| E|CS|TAMS 0x0000000088c00000, 0x0000000088c00000| Complete 
| 111|0x0000000088d00000, 0x0000000088e00000, 0x0000000088e00000|100%| E|CS|TAMS 0x0000000088d00000, 0x0000000088d00000| Complete 
| 112|0x0000000088e00000, 0x0000000088f00000, 0x0000000088f00000|100%| S|CS|TAMS 0x0000000088e00000, 0x0000000088e00000| Complete 
| 113|0x0000000088f00000, 0x0000000089000000, 0x0000000089000000|100%| S|CS|TAMS 0x0000000088f00000, 0x0000000088f00000| Complete 
| 114|0x0000000089000000, 0x0000000089100000, 0x0000000089100000|100%| E|CS|TAMS 0x0000000089000000, 0x0000000089000000| Complete 
| 115|0x0000000089100000, 0x0000000089200000, 0x0000000089200000|100%| E|CS|TAMS 0x0000000089100000, 0x0000000089100000| Complete 
| 116|0x0000000089200000, 0x0000000089300000, 0x0000000089300000|100%| E|CS|TAMS 0x0000000089200000, 0x0000000089200000| Complete 
| 117|0x0000000089300000, 0x0000000089400000, 0x0000000089400000|100%| E|CS|TAMS 0x0000000089300000, 0x0000000089300000| Complete 
| 118|0x0000000089400000, 0x0000000089500000, 0x0000000089500000|100%| E|CS|TAMS 0x0000000089400000, 0x0000000089400000| Complete 
| 119|0x0000000089500000, 0x0000000089600000, 0x0000000089600000|100%| E|CS|TAMS 0x0000000089500000, 0x0000000089500000| Complete 
| 120|0x0000000089600000, 0x0000000089700000, 0x0000000089700000|100%| E|CS|TAMS 0x0000000089600000, 0x0000000089600000| Complete 
| 121|0x0000000089700000, 0x0000000089800000, 0x0000000089800000|100%| E|CS|TAMS 0x0000000089700000, 0x0000000089700000| Complete 
| 122|0x0000000089800000, 0x0000000089900000, 0x0000000089900000|100%| E|CS|TAMS 0x0000000089800000, 0x0000000089800000| Complete 
| 123|0x0000000089900000, 0x0000000089a00000, 0x0000000089a00000|100%| E|CS|TAMS 0x0000000089900000, 0x0000000089900000| Complete 
| 124|0x0000000089a00000, 0x0000000089b00000, 0x0000000089b00000|100%| E|CS|TAMS 0x0000000089a00000, 0x0000000089a00000| Complete 
| 125|0x0000000089b00000, 0x0000000089c00000, 0x0000000089c00000|100%| E|CS|TAMS 0x0000000089b00000, 0x0000000089b00000| Complete 
| 126|0x0000000089c00000, 0x0000000089d00000, 0x0000000089d00000|100%| E|CS|TAMS 0x0000000089c00000, 0x0000000089c00000| Complete 
| 127|0x0000000089d00000, 0x0000000089e00000, 0x0000000089e00000|100%| E|CS|TAMS 0x0000000089d00000, 0x0000000089d00000| Complete 

Card table byte_map: [0x00000294434f0000,0x00000294438f0000] _byte_map_base: 0x00000294430e1000

Marking Bits (Prev, Next): (CMBitMap*) 0x000002942bc9de08, (CMBitMap*) 0x000002942bc9de40
 Prev Bits: [0x0000029443cf0000, 0x0000029445c78000)
 Next Bits: [0x0000029445c80000, 0x0000029447c08000)

Polling page: 0x0000029429c20000

Metaspace:

Usage:
  Non-class:     13.19 MB capacity,    12.99 MB ( 98%) used,   164.55 KB (  1%) free+waste,    42.31 KB ( <1%) overhead. 
      Class:      1.60 MB capacity,     1.44 MB ( 90%) used,   143.77 KB (  9%) free+waste,    19.88 KB (  1%) overhead. 
       Both:     14.79 MB capacity,    14.43 MB ( 98%) used,   308.32 KB (  2%) free+waste,    62.19 KB ( <1%) overhead. 

Virtual space:
  Non-class space:       14.00 MB reserved,      13.25 MB ( 95%) committed 
      Class space:        1.00 GB reserved,       1.63 MB ( <1%) committed 
             Both:        1.01 GB reserved,      14.88 MB (  1%) committed 

Chunk freelists:
   Non-Class:  7.50 KB
       Class:  2.88 KB
        Both:  10.38 KB

CodeHeap 'non-profiled nmethods': size=120064Kb used=502Kb max_used=502Kb free=119561Kb
 bounds [0x000002943bbb0000, 0x000002943be20000, 0x00000294430f0000]
CodeHeap 'profiled nmethods': size=120000Kb used=3127Kb max_used=3127Kb free=116872Kb
 bounds [0x0000029434680000, 0x0000029434990000, 0x000002943bbb0000]
CodeHeap 'non-nmethods': size=5696Kb used=1175Kb max_used=1205Kb free=4520Kb
 bounds [0x00000294340f0000, 0x0000029434360000, 0x0000029434680000]
 total_blobs=1817 nmethods=1413 adapters=324
 compilation: enabled
              stopped_count=0, restarted_count=0
 full_count=0

Compilation events (10 events):
Event: 1.854 Thread 0x000002944a138000 1411       3       jdk.internal.misc.Unsafe::weakCompareAndSetInt (11 bytes)
Event: 1.855 Thread 0x000002944a138000 nmethod 1411 0x000002943498cd90 code [0x000002943498cf20, 0x000002943498d038]
Event: 1.855 Thread 0x000002944a138000 1412       3       java.lang.Module::allows (60 bytes)
Event: 1.856 Thread 0x000002944a138000 nmethod 1412 0x000002943498d110 code [0x000002943498d300, 0x000002943498d8e8]
Event: 1.856 Thread 0x000002944afe2800 1413       4       java.lang.ref.Reference::<init> (25 bytes)
Event: 1.857 Thread 0x000002944a138000 1414       3       java.util.concurrent.ConcurrentHashMap$ValueIterator::next (34 bytes)
Event: 1.857 Thread 0x000002944a138000 nmethod 1414 0x000002943498da10 code [0x000002943498dbe0, 0x000002943498de58]
Event: 1.859 Thread 0x000002944afe2800 nmethod 1413 0x000002943bc2d310 code [0x000002943bc2d4a0, 0x000002943bc2d698]
Event: 1.860 Thread 0x000002944a130800 1415       4       java.util.zip.ZipFile::ensureOpen (38 bytes)
Event: 1.862 Thread 0x000002944a130800 nmethod 1415 0x000002943bc2d710 code [0x000002943bc2d8a0, 0x000002943bc2d978]

GC Heap History (2 events):
Event: 1.184 GC heap before
{Heap before GC invocations=0 (full 0):
 garbage-first heap   total 131072K, used 14336K [0x0000000081e00000, 0x0000000100000000)
  region size 1024K, 14 young (14336K), 0 survivors (0K)
 Metaspace       used 10227K, capacity 10451K, committed 10496K, reserved 1058816K
  class space    used 918K, capacity 988K, committed 1024K, reserved 1048576K
}
Event: 1.189 GC heap after
{Heap after GC invocations=1 (full 0):
 garbage-first heap   total 131072K, used 2158K [0x0000000081e00000, 0x0000000100000000)
  region size 1024K, 2 young (2048K), 2 survivors (2048K)
 Metaspace       used 10227K, capacity 10451K, committed 10496K, reserved 1058816K
  class space    used 918K, capacity 988K, committed 1024K, reserved 1048576K
}

Deoptimization events (10 events):
Event: 1.432 Thread 0x000002942bc5a000 Uncommon trap: reason=class_check action=maybe_recompile pc=0x000002943bbec224 method=java.util.HashMap.putVal(ILjava/lang/Object;Ljava/lang/Object;ZZ)Ljava/lang/Object; @ 91 c2
Event: 1.433 Thread 0x000002942bc5a000 Uncommon trap: reason=class_check action=maybe_recompile pc=0x000002943bbec224 method=java.util.HashMap.putVal(ILjava/lang/Object;Ljava/lang/Object;ZZ)Ljava/lang/Object; @ 91 c2
Event: 1.433 Thread 0x000002942bc5a000 Uncommon trap: reason=class_check action=maybe_recompile pc=0x000002943bbec224 method=java.util.HashMap.putVal(ILjava/lang/Object;Ljava/lang/Object;ZZ)Ljava/lang/Object; @ 91 c2
Event: 1.433 Thread 0x000002942bc5a000 Uncommon trap: reason=class_check action=maybe_recompile pc=0x000002943bbec224 method=java.util.HashMap.putVal(ILjava/lang/Object;Ljava/lang/Object;ZZ)Ljava/lang/Object; @ 91 c2
Event: 1.451 Thread 0x000002942bc5a000 Uncommon trap: reason=unstable_if action=reinterpret pc=0x000002943bc051d8 method=java.util.HashMap.getNode(ILjava/lang/Object;)Ljava/util/HashMap$Node; @ 129 c2
Event: 1.478 Thread 0x000002942bc5a000 Uncommon trap: reason=unstable_if action=reinterpret pc=0x000002943bbf2ce4 method=java.lang.String.startsWith(Ljava/lang/String;I)Z @ 14 c2
Event: 1.487 Thread 0x000002942bc5a000 Uncommon trap: reason=unstable_if action=reinterpret pc=0x000002943bc01e38 method=org.eclipse.jdt.launching.internal.org.objectweb.asm.ByteVector.putShort(I)Lorg/eclipse/jdt/launching/internal/org/objectweb/asm/ByteVector; @ 13 c2
Event: 1.601 Thread 0x000002942bc5a000 Uncommon trap: reason=class_check action=maybe_recompile pc=0x000002943bc0fa78 method=java.util.HashMap.putVal(ILjava/lang/Object;Ljava/lang/Object;ZZ)Ljava/lang/Object; @ 253 c2
Event: 1.604 Thread 0x000002942bc5a000 Uncommon trap: reason=class_check action=maybe_recompile pc=0x000002943bc0fbd0 method=java.util.HashMap.putVal(ILjava/lang/Object;Ljava/lang/Object;ZZ)Ljava/lang/Object; @ 203 c2
Event: 1.842 Thread 0x000002942bc5a000 Uncommon trap: reason=class_check action=maybe_recompile pc=0x000002943bc0fbd0 method=java.util.HashMap.putVal(ILjava/lang/Object;Ljava/lang/Object;ZZ)Ljava/lang/Object; @ 203 c2

Classes redefined (9 events):
Event: 65.697 Thread 0x000002944a0e6000 redefined class name=JunitTesting.PractiseTest, count=1
Event: 79.133 Thread 0x000002944a0e6000 redefined class name=JunitTesting.PractiseTest, count=2
Event: 915.341 Thread 0x000002944a0e6000 redefined class name=JunitTesting.PractiseTest, count=3
Event: 959.658 Thread 0x000002944a0e6000 redefined class name=JunitTesting.PractiseTest, count=4
Event: 1182.810 Thread 0x000002944a0e6000 redefined class name=JunitTesting.PractiseTest, count=5
Event: 1224.822 Thread 0x000002944a0e6000 redefined class name=JunitTesting.PractiseTest, count=6
Event: 1293.527 Thread 0x000002944a0e6000 redefined class name=JunitTesting.PractiseTest, count=7
Event: 1346.582 Thread 0x000002944a0e6000 redefined class name=JunitTesting.PractiseTest, count=8
Event: 1372.052 Thread 0x000002944a0e6000 redefined class name=JunitTesting.PractiseTest, count=9

Internal exceptions (10 events):
Event: 1.406 Thread 0x000002942bc5a000 Exception <a 'java/lang/NoSuchMethodError'{0x00000000895b2b60}: java.lang.invoke.DirectMethodHandle$Holder.invokeStaticInit(Ljava/lang/Object;Ljava/lang/Object;Ljava/lang/Object;)V> (0x00000000895b2b60) thrown at [./open/src/hotspot/share/interpreter/link
Event: 1.483 Thread 0x000002942bc5a000 Exception <a 'java/lang/IncompatibleClassChangeError'{0x00000000892c9638}: Found class java.lang.Object, but interface was expected> (0x00000000892c9638) thrown at [./open/src/hotspot/share/interpreter/linkResolver.cpp, line 838]
Event: 1.655 Thread 0x000002942bc5a000 Exception <a 'java/lang/NoSuchMethodError'{0x00000000889e43e0}: java.lang.invoke.DirectMethodHandle$Holder.invokeSpecialIFC(Ljava/lang/Object;Ljava/lang/Object;Ljava/lang/Object;Ljava/lang/Object;)Ljava/lang/Object;> (0x00000000889e43e0) thrown at [./open
Event: 1.702 Thread 0x000002942bc5a000 Exception <a 'java/lang/NoSuchMethodError'{0x0000000088735c08}: java.lang.invoke.DirectMethodHandle$Holder.invokeVirtual(Ljava/lang/Object;Ljava/lang/Object;Ljava/lang/Object;)Ljava/lang/Object;> (0x0000000088735c08) thrown at [./open/src/hotspot/share/in
Event: 1.713 Thread 0x000002942bc5a000 Exception <a 'java/lang/IncompatibleClassChangeError'{0x00000000887b8aa8}: Found class java.lang.Object, but interface was expected> (0x00000000887b8aa8) thrown at [./open/src/hotspot/share/interpreter/linkResolver.cpp, line 838]
Event: 1.716 Thread 0x000002942bc5a000 Exception <a 'java/lang/NoSuchMethodError'{0x00000000887de658}: java.lang.invoke.DirectMethodHandle$Holder.invokeStatic(Ljava/lang/Object;Ljava/lang/Object;Ljava/lang/Object;Ljava/lang/Object;)V> (0x00000000887de658) thrown at [./open/src/hotspot/share/in
Event: 1.738 Thread 0x000002942bc5a000 Exception <a 'java/lang/NoSuchMethodError'{0x00000000886db5d0}: java.lang.invoke.DirectMethodHandle$Holder.invokeStatic(Ljava/lang/Object;Ljava/lang/Object;Ljava/lang/Object;Ljava/lang/Object;Ljava/lang/Object;)I> (0x00000000886db5d0) thrown at [./open/sr
Event: 1.747 Thread 0x000002942bc5a000 Exception <a 'java/lang/NoSuchMethodError'{0x0000000088519968}: java.lang.invoke.DirectMethodHandle$Holder.invokeSpecial(Ljava/lang/Object;Ljava/lang/Object;Ljava/lang/Object;Ljava/lang/Object;)V> (0x0000000088519968) thrown at [./open/src/hotspot/share/i
Event: 1.763 Thread 0x000002942bc5a000 Exception <a 'java/lang/NoSuchMethodError'{0x00000000885c55c0}: java.lang.invoke.DirectMethodHandle$Holder.invokeSpecial(Ljava/lang/Object;Ljava/lang/Object;)V> (0x00000000885c55c0) thrown at [./open/src/hotspot/share/interpreter/linkResolver.cpp, line 77
Event: 1.856 Thread 0x000002942bc5a000 Exception <a 'java/lang/NoSuchMethodError'{0x000000008801d528}: java.lang.invoke.DirectMethodHandle$Holder.invokeSpecial(Ljava/lang/Object;Ljava/lang/Object;Ljava/lang/Object;Ljava/lang/Object;)I> (0x000000008801d528) thrown at [./open/src/hotspot/share/i

Events (10 events):
Event: 1396.823 Executing VM operation: GetCurrentContendedMonitor done
Event: 1396.823 Executing VM operation: GetOwnedMonitorInfo
Event: 1396.823 Executing VM operation: GetOwnedMonitorInfo done
Event: 1398.135 Executing VM operation: GetCurrentContendedMonitor
Event: 1398.135 Executing VM operation: GetCurrentContendedMonitor done
Event: 1398.135 Executing VM operation: GetOwnedMonitorInfo
Event: 1398.136 Executing VM operation: GetOwnedMonitorInfo done
Event: 1399.396 Executing VM operation: GetFrameLocation
Event: 1399.396 Executing VM operation: GetFrameLocation done
Event: 1399.396 Executing VM operation: GetOrSetLocal


Dynamic libraries:
0x00007ff644f00000 - 0x00007ff644f0f000 	C:\Program Files\Java\jdk-11.0.10\bin\javaw.exe
0x00007ff8e30d0000 - 0x00007ff8e32c5000 	C:\WINDOWS\SYSTEM32\ntdll.dll
0x00007ff8e1e10000 - 0x00007ff8e1ecd000 	C:\WINDOWS\System32\KERNEL32.DLL
0x00007ff8e0e60000 - 0x00007ff8e1128000 	C:\WINDOWS\System32\KERNELBASE.dll
0x00007ff8e0d00000 - 0x00007ff8e0e00000 	C:\WINDOWS\System32\ucrtbase.dll
0x00007ff8d5840000 - 0x00007ff8d5855000 	C:\Program Files\Java\jdk-11.0.10\bin\VCRUNTIME140.dll
0x00007ff8abf60000 - 0x00007ff8abf78000 	C:\Program Files\Java\jdk-11.0.10\bin\jli.dll
0x00007ff8e1ae0000 - 0x00007ff8e1b8c000 	C:\WINDOWS\System32\ADVAPI32.dll
0x00007ff8e2ee0000 - 0x00007ff8e2f7e000 	C:\WINDOWS\System32\msvcrt.dll
0x00007ff8e2f80000 - 0x00007ff8e301b000 	C:\WINDOWS\System32\sechost.dll
0x00007ff8e1c30000 - 0x00007ff8e1d5b000 	C:\WINDOWS\System32\RPCRT4.dll
0x00007ff8e1fb0000 - 0x00007ff8e2150000 	C:\WINDOWS\System32\USER32.dll
0x00007ff8e0a90000 - 0x00007ff8e0ab2000 	C:\WINDOWS\System32\win32u.dll
0x00007ff8e1bf0000 - 0x00007ff8e1c1a000 	C:\WINDOWS\System32\GDI32.dll
0x00007ff8e0980000 - 0x00007ff8e0a8b000 	C:\WINDOWS\System32\gdi32full.dll
0x00007ff8e0860000 - 0x00007ff8e08fd000 	C:\WINDOWS\System32\msvcp_win.dll
0x00007ff8c8390000 - 0x00007ff8c862a000 	C:\WINDOWS\WinSxS\amd64_microsoft.windows.common-controls_6595b64144ccf1df_6.0.19041.844_none_ca00b6081b84eb1d\COMCTL32.dll
0x00007ff8d79a0000 - 0x00007ff8d79aa000 	C:\WINDOWS\SYSTEM32\VERSION.dll
0x00007ff8e1a10000 - 0x00007ff8e1a40000 	C:\WINDOWS\System32\IMM32.DLL
0x00007ff8a65f0000 - 0x00007ff8a668b000 	C:\Program Files\Java\jdk-11.0.10\bin\msvcp140.dll
0x00007ff8c2f30000 - 0x00007ff8c3a2b000 	C:\Program Files\Java\jdk-11.0.10\bin\server\jvm.dll
0x00007ff8e1ad0000 - 0x00007ff8e1ad8000 	C:\WINDOWS\System32\PSAPI.DLL
0x00007ff8c2f20000 - 0x00007ff8c2f29000 	C:\WINDOWS\SYSTEM32\WSOCK32.dll
0x00007ff8d56a0000 - 0x00007ff8d56c7000 	C:\WINDOWS\SYSTEM32\WINMM.dll
0x00007ff8e3020000 - 0x00007ff8e308b000 	C:\WINDOWS\System32\WS2_32.dll
0x00007ff8df110000 - 0x00007ff8df122000 	C:\WINDOWS\SYSTEM32\kernel.appcore.dll
0x00007ff8c2ec0000 - 0x00007ff8c2ed0000 	C:\Program Files\Java\jdk-11.0.10\bin\verify.dll
0x00007ff8de670000 - 0x00007ff8de854000 	C:\WINDOWS\SYSTEM32\DBGHELP.DLL
0x00007ff8d8350000 - 0x00007ff8d837c000 	C:\WINDOWS\SYSTEM32\dbgcore.DLL
0x00007ff8e0900000 - 0x00007ff8e0980000 	C:\WINDOWS\System32\bcryptPrimitives.dll
0x00007ff8c2e90000 - 0x00007ff8c2eb8000 	C:\Program Files\Java\jdk-11.0.10\bin\java.dll
0x00007ff8c2e40000 - 0x00007ff8c2e4a000 	C:\Program Files\Java\jdk-11.0.10\bin\jimage.dll
0x00007ff8ab710000 - 0x00007ff8ab748000 	C:\Program Files\Java\jdk-11.0.10\bin\jdwp.dll
0x00007ff8da5b0000 - 0x00007ff8da5be000 	C:\Program Files\Java\jdk-11.0.10\bin\instrument.dll
0x00007ff8c9ce0000 - 0x00007ff8c9cf6000 	C:\Program Files\Java\jdk-11.0.10\bin\zip.dll
0x00007ff8e21b0000 - 0x00007ff8e28f2000 	C:\WINDOWS\System32\SHELL32.dll
0x00007ff8de860000 - 0x00007ff8deff0000 	C:\WINDOWS\SYSTEM32\windows.storage.dll
0x00007ff8e29e0000 - 0x00007ff8e2d35000 	C:\WINDOWS\System32\combase.dll
0x00007ff8e0210000 - 0x00007ff8e023c000 	C:\WINDOWS\SYSTEM32\Wldp.dll
0x00007ff8e2d40000 - 0x00007ff8e2dee000 	C:\WINDOWS\System32\SHCORE.dll
0x00007ff8e2150000 - 0x00007ff8e21a5000 	C:\WINDOWS\System32\shlwapi.dll
0x00007ff8e0750000 - 0x00007ff8e076f000 	C:\WINDOWS\SYSTEM32\profapi.dll
0x00007ff8da590000 - 0x00007ff8da59a000 	C:\Program Files\Java\jdk-11.0.10\bin\dt_socket.dll
0x00007ff8dff80000 - 0x00007ff8dffea000 	C:\WINDOWS\System32\mswsock.dll
0x00007ff8dfc50000 - 0x00007ff8dfd1c000 	C:\WINDOWS\SYSTEM32\DNSAPI.dll
0x00007ff8dfc10000 - 0x00007ff8dfc4b000 	C:\WINDOWS\SYSTEM32\IPHLPAPI.DLL
0x00007ff8e18e0000 - 0x00007ff8e18e8000 	C:\WINDOWS\System32\NSI.dll
0x00007ff8d59a0000 - 0x00007ff8d5a1f000 	C:\WINDOWS\System32\fwpuclnt.dll
0x00007ff8e0c20000 - 0x00007ff8e0c47000 	C:\WINDOWS\System32\bcrypt.dll
0x00007ff8d53b0000 - 0x00007ff8d53ba000 	C:\Windows\System32\rasadhlp.dll
0x00007ff8bed50000 - 0x00007ff8bed69000 	C:\Program Files\Java\jdk-11.0.10\bin\net.dll
0x00007ff8d5a30000 - 0x00007ff8d5b3b000 	C:\WINDOWS\SYSTEM32\WINHTTP.dll
0x00007ff8bf4e0000 - 0x00007ff8bf4f2000 	C:\Program Files\Java\jdk-11.0.10\bin\nio.dll

dbghelp: loaded successfully - version: 4.0.5 - missing functions: none
symbol engine: initialized successfully - sym options: 0x614 - pdb path: .;C:\Program Files\Java\jdk-11.0.10\bin;C:\WINDOWS\SYSTEM32;C:\WINDOWS\WinSxS\amd64_microsoft.windows.common-controls_6595b64144ccf1df_6.0.19041.844_none_ca00b6081b84eb1d;C:\Program Files\Java\jdk-11.0.10\bin\server

VM Arguments:
jvm_args: -agentlib:jdwp=transport=dt_socket,suspend=y,address=localhost:60360 -ea -javaagent:C:\Users\49171\eclipse\java-2021-03\eclipse\configuration\org.eclipse.osgi\222\0\.cp\lib\javaagent-shaded.jar -Dfile.encoding=Cp1252 
java_command: org.eclipse.jdt.internal.junit.runner.RemoteTestRunner -version 3 -port 60359 -testLoaderClass org.eclipse.jdt.internal.junit5.runner.JUnit5TestLoader -loaderpluginname org.eclipse.jdt.junit5.runtime -classNames JunitTesting.PractiseTest
java_class_path (initial): C:\Users\49171\Desktop\Graph-Database-Learning-Algorithms-Neo4j-\Heart Failure Prediction\Decision Tree Codes\OVGU_C4.5_Decision_Tree\out\production\OVGU_C4.5_Decision_Tree;C:\Users\49171\.p2\pool\plugins\org.junit.jupiter.api_5.7.1.v20210222-1948.jar;C:\Users\49171\.p2\pool\plugins\org.junit.jupiter.engine_5.7.1.v20210222-1948.jar;C:\Users\49171\.p2\pool\plugins\org.junit.jupiter.migrationsupport_5.7.1.v20210222-1948.jar;C:\Users\49171\.p2\pool\plugins\org.junit.jupiter.params_5.7.1.v20210222-1948.jar;C:\Users\49171\.p2\pool\plugins\org.junit.platform.commons_1.7.1.v20210222-1948.jar;C:\Users\49171\.p2\pool\plugins\org.junit.platform.engine_1.7.1.v20210222-1948.jar;C:\Users\49171\.p2\pool\plugins\org.junit.platform.launcher_1.7.1.v20210222-1948.jar;C:\Users\49171\.p2\pool\plugins\org.junit.platform.runner_1.7.1.v20210222-1948.jar;C:\Users\49171\.p2\pool\plugins\org.junit.platform.suite.api_1.7.1.v20210222-1948.jar;C:\Users\49171\.p2\pool\plugins\org.junit.vintage.engine_5.7.1.v20210222-1948.jar;C:\Users\49171\.p2\pool\plugins\org.opentest4j_1.2.0.v20190826-0900.jar;C:\Users\49171\.p2\pool\plugins\org.apiguardian_1.1.0.v20190826-0900.jar;C:\Users\49171\.p2\pool\plugins\org.junit_4.13.0.v20200204-1500.jar;C:\Users\49171\.p2\pool\plugins\org.hamcrest.core_1.3.0.v20180420-1519.jar;C:\Users\49171\eclipse\java-2021-03\eclipse\configuration\org.eclipse.osgi\221\0\.cp;C:\Users\49171\eclipse\java-2021-03\eclipse\configuration\org.eclipse.osgi\219\0\.cp
Launcher Type: SUN_STANDARD

[Global flags]
     intx CICompilerCount                          = 3                                         {product} {ergonomic}
     uint ConcGCThreads                            = 1                                         {product} {ergonomic}
     uint G1ConcRefinementThreads                  = 4                                         {product} {ergonomic}
   size_t G1HeapRegionSize                         = 1048576                                   {product} {ergonomic}
    uintx GCDrainStackTargetSize                   = 64                                        {product} {ergonomic}
   size_t InitialHeapSize                          = 134217728                                 {product} {ergonomic}
   size_t MarkStackSize                            = 4194304                                   {product} {ergonomic}
   size_t MaxHeapSize                              = 2116026368                                {product} {ergonomic}
   size_t MaxNewSize                               = 1268776960                                {product} {ergonomic}
   size_t MinHeapDeltaBytes                        = 1048576                                   {product} {ergonomic}
    uintx NonNMethodCodeHeapSize                   = 5830732                                {pd product} {ergonomic}
    uintx NonProfiledCodeHeapSize                  = 122913754                              {pd product} {ergonomic}
    uintx ProfiledCodeHeapSize                     = 122913754                              {pd product} {ergonomic}
    uintx ReservedCodeCacheSize                    = 251658240                              {pd product} {ergonomic}
     bool SegmentedCodeCache                       = true                                      {product} {ergonomic}
     bool UseCompressedClassPointers               = true                                 {lp64_product} {ergonomic}
     bool UseCompressedOops                        = true                                 {lp64_product} {ergonomic}
     bool UseG1GC                                  = true                                      {product} {ergonomic}
     bool UseLargePagesIndividualAllocation        = false                                  {pd product} {ergonomic}

Logging:
Log output configuration:
 #0: stdout all=warning uptime,level,tags
 #1: stderr all=off uptime,level,tags

Environment Variables:
PATH=C:/Program Files/Java/jdk-11.0.10/bin/server;C:/Program Files/Java/jdk-11.0.10/bin;C:\Program Files (x86)\Common Files\Oracle\Java\javapath;C:\Program Files\Common Files\Oracle\Java\javapath;C:\WINDOWS\system32;C:\WINDOWS;C:\WINDOWS\System32\Wbem;C:\WINDOWS\System32\WindowsPowerShell\v1.0\;C:\WINDOWS\System32\OpenSSH\;C:\Program Files\Git\cmd;C:\Program Files\R\R-4.0.3\bin;C:\Program Files\R\R-4.0.3\bin\R.exe;C:\Users\49171\AppData\Local\Programs\Python\Python38\Scripts\;C:\Users\49171\AppData\Local\Programs\Python\Python38\;C:\Users\49171\AppData\Local\Microsoft\WindowsApps;C:\Program Files\JetBrains\PyCharm 2020.3.2\bin;;C:\Program Files\JetBrains\PyCharm Community Edition 2020.3.2\bin;;C:\Users\49171\AppData\Local\GitHubDesktop\bin;C:\Program Files\Java\jdk-11.0.10\bin;;C:\WINDOWS\system32;
USERNAME=49171
OS=Windows_NT
PROCESSOR_IDENTIFIER=Intel64 Family 6 Model 142 Stepping 9, GenuineIntel



---------------  S Y S T E M  ---------------

OS: Windows 10 , 64 bit Build 19041 (10.0.19041.928)

CPU:total 4 (initial active 4) (2 cores per cpu, 2 threads per core) family 6 model 142 stepping 9 microcode 0xde, cmov, cx8, fxsr, mmx, sse, sse2, sse3, ssse3, sse4.1, sse4.2, popcnt, avx, avx2, aes, clmul, erms, 3dnowpref, lzcnt, ht, tsc, tscinvbit, bmi1, bmi2, adx, fma

Memory: 4k page, system-wide physical 8064M (1382M free)
TotalPageFile size 22543M (AvailPageFile size 2773M)
current process WorkingSet (physical memory assigned to process): 82M, peak: 88M
current process commit charge ("private bytes"): 214M, peak: 218M

vm_info: Java HotSpot(TM) 64-Bit Server VM (11.0.10+8-LTS-162) for windows-amd64 JRE (11.0.10+8-LTS-162), built on Dec  8 2020 16:32:57 by "mach5one" with MS VC++ 15.9 (VS2017)

END.
